Unity Editor version:    2021.3.10f1 (1c7d0df0160b)
Branch:                  2021.3/staging
Build type:              Release
Batch mode:              YES
macOS version:           Version 14.2.1 (Build 23C71)
Darwin version:          23.2.0
Architecture:            arm64
Running under Rosetta:   NO
Available memory:        8192 MB
Using pre-set license
Pro License: YES

COMMAND LINE ARGUMENTS:
/Applications/Unity/Hub/Editor/2021.3.10f1/Unity.app/Contents/MacOS/Unity
-adb2
-batchMode
-noUpm
-name
AssetImportWorker2
-projectPath
/Users/g.a_me__/Documents/GitHub/Slime/Slime
-logFile
Logs/AssetImportWorker2.log
-srvPort
57201
Successfully changed project path to: /Users/g.a_me__/Documents/GitHub/Slime/Slime
/Users/g.a_me__/Documents/GitHub/Slime/Slime
[UnityMemory] Configuration Parameters - Can be set up in boot.config
    "memorysetup-bucket-allocator-granularity=16"
    "memorysetup-bucket-allocator-bucket-count=8"
    "memorysetup-bucket-allocator-block-size=33554432"
    "memorysetup-bucket-allocator-block-count=8"
    "memorysetup-main-allocator-block-size=16777216"
    "memorysetup-thread-allocator-block-size=16777216"
    "memorysetup-gfx-main-allocator-block-size=16777216"
    "memorysetup-gfx-thread-allocator-block-size=16777216"
    "memorysetup-cache-allocator-block-size=4194304"
    "memorysetup-typetree-allocator-block-size=2097152"
    "memorysetup-profiler-bucket-allocator-granularity=16"
    "memorysetup-profiler-bucket-allocator-bucket-count=8"
    "memorysetup-profiler-bucket-allocator-block-size=33554432"
    "memorysetup-profiler-bucket-allocator-block-count=8"
    "memorysetup-profiler-allocator-block-size=16777216"
    "memorysetup-profiler-editor-allocator-block-size=1048576"
    "memorysetup-temp-allocator-size-main=16777216"
    "memorysetup-job-temp-allocator-block-size=2097152"
    "memorysetup-job-temp-allocator-block-size-background=1048576"
    "memorysetup-job-temp-allocator-reduction-small-platforms=262144"
    "memorysetup-temp-allocator-size-background-worker=32768"
    "memorysetup-temp-allocator-size-job-worker=262144"
    "memorysetup-temp-allocator-size-preload-manager=33554432"
    "memorysetup-temp-allocator-size-nav-mesh-worker=65536"
    "memorysetup-temp-allocator-size-audio-worker=65536"
    "memorysetup-temp-allocator-size-cloud-worker=32768"
    "memorysetup-temp-allocator-size-gi-baking-worker=262144"
    "memorysetup-temp-allocator-size-gfx=262144"
Refreshing native plugins compatible for Editor in 87.71 ms, found 2 plugins.
Preloading 0 native plugins for Editor in 0.00 ms.
Initialize engine version: 2021.3.10f1 (1c7d0df0160b)
[Subsystems] Discovering subsystems at path /Applications/Unity/Hub/Editor/2021.3.10f1/Unity.app/Contents/Resources/UnitySubsystems
[Subsystems] Discovering subsystems at path /Users/g.a_me__/Documents/GitHub/Slime/Slime/Assets
GfxDevice: creating device client; threaded=0; jobified=0
 preferred device: Apple M2 (high power)
Metal devices available: 1
0: Apple M2 (high power)
Using device Apple M2 (high power)
Initializing Metal device caps: Apple M2
Initialize mono
Mono path[0] = '/Applications/Unity/Hub/Editor/2021.3.10f1/Unity.app/Contents/Managed'
Mono path[1] = '/Applications/Unity/Hub/Editor/2021.3.10f1/Unity.app/Contents/MonoBleedingEdge/lib/mono/unityjit-macos'
Mono config path = '/Applications/Unity/Hub/Editor/2021.3.10f1/Unity.app/Contents/MonoBleedingEdge/etc'
Using monoOptions --debugger-agent=transport=dt_socket,embedding=1,server=y,suspend=n,address=127.0.0.1:56129
Begin MonoManager ReloadAssembly
Registering precompiled unity dll's ...
Register platform support module: /Applications/Unity/Hub/Editor/2021.3.10f1/PlaybackEngines/WebGLSupport/UnityEditor.WebGL.Extensions.dll
Register platform support module: /Applications/Unity/Hub/Editor/2021.3.10f1/Unity.app/Contents/PlaybackEngines/MacStandaloneSupport/UnityEditor.OSXStandalone.Extensions.dll
Register platform support module: /Applications/Unity/Hub/Editor/2021.3.10f1/PlaybackEngines/AndroidPlayer/UnityEditor.Android.Extensions.dll
Register platform support module: /Applications/Unity/Hub/Editor/2021.3.10f1/PlaybackEngines/iOSSupport/UnityEditor.iOS.Extensions.dll
Registered in 0.003258 seconds.
[usbmuxd] Start listen thread
[usbmuxd] Listen thread started
[usbmuxd] Send listen message
Native extension for iOS target not found
[usbmuxd] Attached: 304 00008101-00111C340C11001E
Native extension for Android target not found
Native extension for OSXStandalone target not found
Native extension for WebGL target not found
Refreshing native plugins compatible for Editor in 128.03 ms, found 2 plugins.
Preloading 0 native plugins for Editor in 0.00 ms.
Mono: successfully reloaded assembly
- Completed reload, in  0.765 seconds
Domain Reload Profiling:
	ReloadAssembly (765ms)
		BeginReloadAssembly (71ms)
			ExecutionOrderSort (0ms)
			DisableScriptedObjects (0ms)
			BackupInstance (0ms)
			ReleaseScriptingObjects (0ms)
			CreateAndSetChildDomain (0ms)
		EndReloadAssembly (612ms)
			LoadAssemblies (74ms)
			RebuildTransferFunctionScriptingTraits (1ms)
			SetupTypeCache (83ms)
			ReleaseScriptCaches (0ms)
			RebuildScriptCaches (20ms)
			SetupLoadedEditorAssemblies (476ms)
				LogAssemblyErrors (0ms)
				InitializePlatformSupportModulesInManaged (227ms)
				SetLoadedEditorAssemblies (0ms)
				RefreshPlugins (128ms)
				BeforeProcessingInitializeOnLoad (4ms)
				ProcessInitializeOnLoadAttributes (65ms)
				ProcessInitializeOnLoadMethodAttributes (52ms)
				AfterProcessingInitializeOnLoad (0ms)
				EditorAssembliesLoaded (0ms)
			ExecutionOrderSort2 (0ms)
			AwakeInstancesAfterBackupRestoration (0ms)
Platform modules already initialized, skipping
Registering precompiled user dll's ...
Registered in 0.001437 seconds.
Begin MonoManager ReloadAssembly
Symbol file LoadedFromMemory doesn't match image /Users/g.a_me__/Documents/GitHub/Slime/Slime/Library/PackageCache/com.unity.visualscripting@1.7.8/Editor/VisualScripting.Core/Dependencies/YamlDotNet/Unity.VisualScripting.YamlDotNet.dll
Symbol file LoadedFromMemory doesn't match image /Users/g.a_me__/Documents/GitHub/Slime/Slime/Library/PackageCache/com.unity.visualscripting@1.7.8/Editor/VisualScripting.Core/Dependencies/DotNetZip/Unity.VisualScripting.IonicZip.dll
Native extension for iOS target not found
Native extension for Android target not found
Native extension for OSXStandalone target not found
Native extension for WebGL target not found
Refreshing native plugins compatible for Editor in 77.49 ms, found 2 plugins.
Preloading 0 native plugins for Editor in 0.00 ms.
Mono: successfully reloaded assembly
- Completed reload, in  0.898 seconds
Domain Reload Profiling:
	ReloadAssembly (898ms)
		BeginReloadAssembly (191ms)
			ExecutionOrderSort (0ms)
			DisableScriptedObjects (3ms)
			BackupInstance (0ms)
			ReleaseScriptingObjects (0ms)
			CreateAndSetChildDomain (125ms)
		EndReloadAssembly (646ms)
			LoadAssemblies (131ms)
			RebuildTransferFunctionScriptingTraits (0ms)
			SetupTypeCache (167ms)
			ReleaseScriptCaches (2ms)
			RebuildScriptCaches (30ms)
			SetupLoadedEditorAssemblies (316ms)
				LogAssemblyErrors (0ms)
				InitializePlatformSupportModulesInManaged (14ms)
				SetLoadedEditorAssemblies (0ms)
				RefreshPlugins (78ms)
				BeforeProcessingInitializeOnLoad (50ms)
				ProcessInitializeOnLoadAttributes (159ms)
				ProcessInitializeOnLoadMethodAttributes (15ms)
				AfterProcessingInitializeOnLoad (1ms)
				EditorAssembliesLoaded (0ms)
			ExecutionOrderSort2 (0ms)
			AwakeInstancesAfterBackupRestoration (2ms)
Platform modules already initialized, skipping
========================================================================
Worker process is ready to serve import requests
Shader 'SimpleURPToonLitExample(With Outline)': fallback shader 'Hidden/Universal Render Pipeline/FallbackError' not found
Shader 'SimpleURPToonLitExample(With Outline)': fallback shader 'Hidden/Universal Render Pipeline/FallbackError' not found
Launching external process: /Applications/Unity/Hub/Editor/2021.3.10f1/Unity.app/Contents/Tools/UnityShaderCompiler
Launched and connected shader compiler UnityShaderCompiler after 0.20 seconds
Refreshing native plugins compatible for Editor in 0.70 ms, found 2 plugins.
Preloading 0 native plugins for Editor in 0.00 ms.
Unloading 3781 Unused Serialized files (Serialized files now loaded: 0)
Unloading 29 unused Assets / (121.7 KB). Loaded Objects now: 4273.
Memory consumption went from 115.0 MB to 114.9 MB.
Total: 3.144166 ms (FindLiveObjects: 0.161708 ms CreateObjectMapping: 0.064250 ms MarkObjects: 2.561792 ms  DeleteObjects: 0.355958 ms)

AssetImportParameters requested are different than current active one (requested -> active):
  custom:video-decoder-ogg-theora: a1e56fd34408186e4bbccfd4996cb3dc -> 
  custom:container-muxer-webm: aa71ff27fc2769a1b78a27578f13a17b -> 
  custom:container-demuxer-webm: 4f35f7cbe854078d1ac9338744f61a02 -> 
  custom:video-encoder-webm-vp8: eb34c28f22e8b96e1ab97ce403110664 -> 
  custom:framework-osx-AVFoundation: e770b220cccbd017edd2c1fefb359320 -> 
  custom:audio-encoder-webm-vorbis: bf7c407c2cedff20999df2af8eb42d56 -> 
  custom:container-demuxer-ogg: 62fdf1f143b41e24485cea50d1cbac27 -> 
  custom:video-decoder-webm-vp8: 9c59270c3fd7afecdb556c50c9e8de78 -> 
  custom:audio-decoder-ogg-vorbis: bf7c407c2cedff20999df2af8eb42d56 -> 
========================================================================
Received Import Request.
  Time since last request: 182874.086246 seconds.
  path: Assets/Resources/Axe_Model.prefab
  artifactKey: Guid(3f74c4f469e96481aae1650b1b1234e4) Importer(815301076,1909f56bfc062723c751e8b465ee728b)
Start importing Assets/Resources/Axe_Model.prefab using Guid(3f74c4f469e96481aae1650b1b1234e4) Importer(815301076,1909f56bfc062723c751e8b465ee728b)  -> (artifact id: '399bafc3bddcc26f1728bf525569502e') in 0.282075 seconds 
========================================================================
Received Import Request.
  Time since last request: 20.412225 seconds.
  path: Assets/Script/Weapon.cs
  artifactKey: Guid(655ec4a0ff1384e70bcd77af02825589) Importer(815301076,1909f56bfc062723c751e8b465ee728b)
Start importing Assets/Script/Weapon.cs using Guid(655ec4a0ff1384e70bcd77af02825589) Importer(815301076,1909f56bfc062723c751e8b465ee728b)  -> (artifact id: '9070908614695d7cdc29ac0df0503159') in 0.085528 seconds 
========================================================================
Received Prepare
Registering precompiled user dll's ...
Registered in 0.001230 seconds.
Begin MonoManager ReloadAssembly
Thread 0x2a0a3b000 may have been prematurely finalized
Symbol file LoadedFromMemory doesn't match image /Users/g.a_me__/Documents/GitHub/Slime/Slime/Library/PackageCache/com.unity.visualscripting@1.7.8/Editor/VisualScripting.Core/Dependencies/YamlDotNet/Unity.VisualScripting.YamlDotNet.dll
Symbol file LoadedFromMemory doesn't match image /Users/g.a_me__/Documents/GitHub/Slime/Slime/Library/PackageCache/com.unity.visualscripting@1.7.8/Editor/VisualScripting.Core/Dependencies/DotNetZip/Unity.VisualScripting.IonicZip.dll
Native extension for iOS target not found
Native extension for Android target not found
Native extension for OSXStandalone target not found
Native extension for WebGL target not found
Refreshing native plugins compatible for Editor in 1.11 ms, found 2 plugins.
Preloading 0 native plugins for Editor in 0.00 ms.
Mono: successfully reloaded assembly
- Completed reload, in  0.756 seconds
Domain Reload Profiling:
	ReloadAssembly (757ms)
		BeginReloadAssembly (169ms)
			ExecutionOrderSort (0ms)
			DisableScriptedObjects (8ms)
			BackupInstance (0ms)
			ReleaseScriptingObjects (0ms)
			CreateAndSetChildDomain (88ms)
		EndReloadAssembly (535ms)
			LoadAssemblies (51ms)
			RebuildTransferFunctionScriptingTraits (0ms)
			SetupTypeCache (179ms)
			ReleaseScriptCaches (5ms)
			RebuildScriptCaches (25ms)
			SetupLoadedEditorAssemblies (257ms)
				LogAssemblyErrors (0ms)
				InitializePlatformSupportModulesInManaged (18ms)
				SetLoadedEditorAssemblies (0ms)
				RefreshPlugins (1ms)
				BeforeProcessingInitializeOnLoad (36ms)
				ProcessInitializeOnLoadAttributes (175ms)
				ProcessInitializeOnLoadMethodAttributes (25ms)
				AfterProcessingInitializeOnLoad (1ms)
				EditorAssembliesLoaded (0ms)
			ExecutionOrderSort2 (0ms)
			AwakeInstancesAfterBackupRestoration (3ms)
Platform modules already initialized, skipping
Shader 'SimpleURPToonLitExample(With Outline)': fallback shader 'Hidden/Universal Render Pipeline/FallbackError' not found
Shader 'SimpleURPToonLitExample(With Outline)': fallback shader 'Hidden/Universal Render Pipeline/FallbackError' not found
Refreshing native plugins compatible for Editor in 1.07 ms, found 2 plugins.
Preloading 0 native plugins for Editor in 0.00 ms.
Unloading 3759 Unused Serialized files (Serialized files now loaded: 0)
Unloading 20 unused Assets / (101.5 KB). Loaded Objects now: 4284.
Memory consumption went from 275.8 MB to 275.7 MB.
Total: 6.216417 ms (FindLiveObjects: 0.150708 ms CreateObjectMapping: 0.089542 ms MarkObjects: 5.879583 ms  DeleteObjects: 0.095875 ms)

AssetImportParameters requested are different than current active one (requested -> active):
  custom:video-decoder-ogg-theora: a1e56fd34408186e4bbccfd4996cb3dc -> 
  custom:container-muxer-webm: aa71ff27fc2769a1b78a27578f13a17b -> 
  custom:container-demuxer-webm: 4f35f7cbe854078d1ac9338744f61a02 -> 
  custom:video-encoder-webm-vp8: eb34c28f22e8b96e1ab97ce403110664 -> 
  custom:framework-osx-AVFoundation: e770b220cccbd017edd2c1fefb359320 -> 
  custom:audio-encoder-webm-vorbis: bf7c407c2cedff20999df2af8eb42d56 -> 
  custom:container-demuxer-ogg: 62fdf1f143b41e24485cea50d1cbac27 -> 
  custom:video-decoder-webm-vp8: 9c59270c3fd7afecdb556c50c9e8de78 -> 
  custom:audio-decoder-ogg-vorbis: bf7c407c2cedff20999df2af8eb42d56 -> 
========================================================================
Received Prepare
Registering precompiled user dll's ...
Registered in 0.001631 seconds.
Begin MonoManager ReloadAssembly
Thread 0x17f4d3000 may have been prematurely finalized
Symbol file LoadedFromMemory doesn't match image /Users/g.a_me__/Documents/GitHub/Slime/Slime/Library/PackageCache/com.unity.visualscripting@1.7.8/Editor/VisualScripting.Core/Dependencies/YamlDotNet/Unity.VisualScripting.YamlDotNet.dll
Symbol file LoadedFromMemory doesn't match image /Users/g.a_me__/Documents/GitHub/Slime/Slime/Library/PackageCache/com.unity.visualscripting@1.7.8/Editor/VisualScripting.Core/Dependencies/DotNetZip/Unity.VisualScripting.IonicZip.dll
Native extension for iOS target not found
Native extension for Android target not found
Native extension for OSXStandalone target not found
Native extension for WebGL target not found
Refreshing native plugins compatible for Editor in 1.53 ms, found 2 plugins.
Preloading 0 native plugins for Editor in 0.00 ms.
Mono: successfully reloaded assembly
- Completed reload, in  0.672 seconds
Domain Reload Profiling:
	ReloadAssembly (673ms)
		BeginReloadAssembly (100ms)
			ExecutionOrderSort (0ms)
			DisableScriptedObjects (3ms)
			BackupInstance (0ms)
			ReleaseScriptingObjects (0ms)
			CreateAndSetChildDomain (44ms)
		EndReloadAssembly (518ms)
			LoadAssemblies (39ms)
			RebuildTransferFunctionScriptingTraits (1ms)
			SetupTypeCache (197ms)
			ReleaseScriptCaches (1ms)
			RebuildScriptCaches (34ms)
			SetupLoadedEditorAssemblies (217ms)
				LogAssemblyErrors (0ms)
				InitializePlatformSupportModulesInManaged (18ms)
				SetLoadedEditorAssemblies (0ms)
				RefreshPlugins (2ms)
				BeforeProcessingInitializeOnLoad (34ms)
				ProcessInitializeOnLoadAttributes (145ms)
				ProcessInitializeOnLoadMethodAttributes (17ms)
				AfterProcessingInitializeOnLoad (1ms)
				EditorAssembliesLoaded (0ms)
			ExecutionOrderSort2 (0ms)
			AwakeInstancesAfterBackupRestoration (2ms)
Platform modules already initialized, skipping
Shader 'SimpleURPToonLitExample(With Outline)': fallback shader 'Hidden/Universal Render Pipeline/FallbackError' not found
Shader 'SimpleURPToonLitExample(With Outline)': fallback shader 'Hidden/Universal Render Pipeline/FallbackError' not found
Refreshing native plugins compatible for Editor in 1.21 ms, found 2 plugins.
Preloading 0 native plugins for Editor in 0.00 ms.
Unloading 3759 Unused Serialized files (Serialized files now loaded: 0)
Unloading 20 unused Assets / (101.2 KB). Loaded Objects now: 4287.
Memory consumption went from 278.5 MB to 278.4 MB.
Total: 4.714209 ms (FindLiveObjects: 0.203917 ms CreateObjectMapping: 0.115792 ms MarkObjects: 4.264833 ms  DeleteObjects: 0.128708 ms)

AssetImportParameters requested are different than current active one (requested -> active):
  custom:video-decoder-ogg-theora: a1e56fd34408186e4bbccfd4996cb3dc -> 
  custom:container-muxer-webm: aa71ff27fc2769a1b78a27578f13a17b -> 
  custom:container-demuxer-webm: 4f35f7cbe854078d1ac9338744f61a02 -> 
  custom:video-encoder-webm-vp8: eb34c28f22e8b96e1ab97ce403110664 -> 
  custom:framework-osx-AVFoundation: e770b220cccbd017edd2c1fefb359320 -> 
  custom:audio-encoder-webm-vorbis: bf7c407c2cedff20999df2af8eb42d56 -> 
  custom:container-demuxer-ogg: 62fdf1f143b41e24485cea50d1cbac27 -> 
  custom:video-decoder-webm-vp8: 9c59270c3fd7afecdb556c50c9e8de78 -> 
  custom:audio-decoder-ogg-vorbis: bf7c407c2cedff20999df2af8eb42d56 -> 
========================================================================
Received Import Request.
  Time since last request: 82.595564 seconds.
  path: Assets/Resources/Axe_Model.prefab
  artifactKey: Guid(3f74c4f469e96481aae1650b1b1234e4) Importer(815301076,1909f56bfc062723c751e8b465ee728b)
Start importing Assets/Resources/Axe_Model.prefab using Guid(3f74c4f469e96481aae1650b1b1234e4) Importer(815301076,1909f56bfc062723c751e8b465ee728b)  -> (artifact id: '93e3d99e233510b56019099a604135ca') in 0.107983 seconds 
========================================================================
Received Import Request.
  Time since last request: 6.855020 seconds.
  path: Assets/Resources/Axe_Model.prefab
  artifactKey: Guid(3f74c4f469e96481aae1650b1b1234e4) Importer(815301076,1909f56bfc062723c751e8b465ee728b)
Start importing Assets/Resources/Axe_Model.prefab using Guid(3f74c4f469e96481aae1650b1b1234e4) Importer(815301076,1909f56bfc062723c751e8b465ee728b)  -> (artifact id: 'a0c7b709c2eb5f0f4b5c2ddcbddc8251') in 0.063725 seconds 
========================================================================
Received Import Request.
  Time since last request: 6.512201 seconds.
  path: Assets/Resources/Axe.prefab
  artifactKey: Guid(c14bfbb71344341aa8f4793dd99096e9) Importer(815301076,1909f56bfc062723c751e8b465ee728b)
Start importing Assets/Resources/Axe.prefab using Guid(c14bfbb71344341aa8f4793dd99096e9) Importer(815301076,1909f56bfc062723c751e8b465ee728b)  -> (artifact id: '2d46d42366fa4687fb153e8dfb5f42cf') in 0.040211 seconds 
========================================================================
Received Import Request.
  Time since last request: 2.580161 seconds.
  path: Assets/Resources/Axe.prefab
  artifactKey: Guid(c14bfbb71344341aa8f4793dd99096e9) Importer(815301076,1909f56bfc062723c751e8b465ee728b)
Start importing Assets/Resources/Axe.prefab using Guid(c14bfbb71344341aa8f4793dd99096e9) Importer(815301076,1909f56bfc062723c751e8b465ee728b)  -> (artifact id: 'b9c4a46f48e138d282b7a0aa72c8992b') in 0.002214 seconds 
========================================================================
Received Prepare
Registering precompiled user dll's ...
Registered in 0.001241 seconds.
Begin MonoManager ReloadAssembly
Thread 0x2a0a3b000 may have been prematurely finalized
Symbol file LoadedFromMemory doesn't match image /Users/g.a_me__/Documents/GitHub/Slime/Slime/Library/PackageCache/com.unity.visualscripting@1.7.8/Editor/VisualScripting.Core/Dependencies/YamlDotNet/Unity.VisualScripting.YamlDotNet.dll
Symbol file LoadedFromMemory doesn't match image /Users/g.a_me__/Documents/GitHub/Slime/Slime/Library/PackageCache/com.unity.visualscripting@1.7.8/Editor/VisualScripting.Core/Dependencies/DotNetZip/Unity.VisualScripting.IonicZip.dll
Native extension for iOS target not found
Native extension for Android target not found
Native extension for OSXStandalone target not found
Native extension for WebGL target not found
Refreshing native plugins compatible for Editor in 0.94 ms, found 2 plugins.
Preloading 0 native plugins for Editor in 0.00 ms.
Mono: successfully reloaded assembly
- Completed reload, in  0.690 seconds
Domain Reload Profiling:
	ReloadAssembly (691ms)
		BeginReloadAssembly (124ms)
			ExecutionOrderSort (0ms)
			DisableScriptedObjects (3ms)
			BackupInstance (0ms)
			ReleaseScriptingObjects (0ms)
			CreateAndSetChildDomain (58ms)
		EndReloadAssembly (509ms)
			LoadAssemblies (42ms)
			RebuildTransferFunctionScriptingTraits (0ms)
			SetupTypeCache (182ms)
			ReleaseScriptCaches (1ms)
			RebuildScriptCaches (31ms)
			SetupLoadedEditorAssemblies (225ms)
				LogAssemblyErrors (0ms)
				InitializePlatformSupportModulesInManaged (20ms)
				SetLoadedEditorAssemblies (1ms)
				RefreshPlugins (1ms)
				BeforeProcessingInitializeOnLoad (38ms)
				ProcessInitializeOnLoadAttributes (146ms)
				ProcessInitializeOnLoadMethodAttributes (19ms)
				AfterProcessingInitializeOnLoad (1ms)
				EditorAssembliesLoaded (0ms)
			ExecutionOrderSort2 (0ms)
			AwakeInstancesAfterBackupRestoration (3ms)
Platform modules already initialized, skipping
Shader 'SimpleURPToonLitExample(With Outline)': fallback shader 'Hidden/Universal Render Pipeline/FallbackError' not found
Shader 'SimpleURPToonLitExample(With Outline)': fallback shader 'Hidden/Universal Render Pipeline/FallbackError' not found
Refreshing native plugins compatible for Editor in 2.95 ms, found 2 plugins.
Preloading 0 native plugins for Editor in 0.00 ms.
Unloading 3759 Unused Serialized files (Serialized files now loaded: 0)
Unloading 20 unused Assets / (101.4 KB). Loaded Objects now: 4290.
Memory consumption went from 281.6 MB to 281.5 MB.
Total: 7.510375 ms (FindLiveObjects: 0.207959 ms CreateObjectMapping: 0.099167 ms MarkObjects: 6.760125 ms  DeleteObjects: 0.442459 ms)

AssetImportParameters requested are different than current active one (requested -> active):
  custom:video-decoder-ogg-theora: a1e56fd34408186e4bbccfd4996cb3dc -> 
  custom:container-muxer-webm: aa71ff27fc2769a1b78a27578f13a17b -> 
  custom:container-demuxer-webm: 4f35f7cbe854078d1ac9338744f61a02 -> 
  custom:video-encoder-webm-vp8: eb34c28f22e8b96e1ab97ce403110664 -> 
  custom:framework-osx-AVFoundation: e770b220cccbd017edd2c1fefb359320 -> 
  custom:audio-encoder-webm-vorbis: bf7c407c2cedff20999df2af8eb42d56 -> 
  custom:container-demuxer-ogg: 62fdf1f143b41e24485cea50d1cbac27 -> 
  custom:video-decoder-webm-vp8: 9c59270c3fd7afecdb556c50c9e8de78 -> 
  custom:audio-decoder-ogg-vorbis: bf7c407c2cedff20999df2af8eb42d56 -> 
========================================================================
Received Prepare
Registering precompiled user dll's ...
Registered in 0.001782 seconds.
Begin MonoManager ReloadAssembly
Thread 0x2a0a3b000 may have been prematurely finalized
Symbol file LoadedFromMemory doesn't match image /Users/g.a_me__/Documents/GitHub/Slime/Slime/Library/PackageCache/com.unity.visualscripting@1.7.8/Editor/VisualScripting.Core/Dependencies/YamlDotNet/Unity.VisualScripting.YamlDotNet.dll
Symbol file LoadedFromMemory doesn't match image /Users/g.a_me__/Documents/GitHub/Slime/Slime/Library/PackageCache/com.unity.visualscripting@1.7.8/Editor/VisualScripting.Core/Dependencies/DotNetZip/Unity.VisualScripting.IonicZip.dll
Native extension for iOS target not found
Native extension for Android target not found
Native extension for OSXStandalone target not found
Native extension for WebGL target not found
Refreshing native plugins compatible for Editor in 1.42 ms, found 2 plugins.
Preloading 0 native plugins for Editor in 0.00 ms.
Mono: successfully reloaded assembly
- Completed reload, in  1.243 seconds
Domain Reload Profiling:
	ReloadAssembly (1244ms)
		BeginReloadAssembly (269ms)
			ExecutionOrderSort (0ms)
			DisableScriptedObjects (7ms)
			BackupInstance (0ms)
			ReleaseScriptingObjects (0ms)
			CreateAndSetChildDomain (117ms)
		EndReloadAssembly (846ms)
			LoadAssemblies (193ms)
			RebuildTransferFunctionScriptingTraits (2ms)
			SetupTypeCache (243ms)
			ReleaseScriptCaches (8ms)
			RebuildScriptCaches (40ms)
			SetupLoadedEditorAssemblies (379ms)
				LogAssemblyErrors (0ms)
				InitializePlatformSupportModulesInManaged (168ms)
				SetLoadedEditorAssemblies (0ms)
				RefreshPlugins (1ms)
				BeforeProcessingInitializeOnLoad (36ms)
				ProcessInitializeOnLoadAttributes (153ms)
				ProcessInitializeOnLoadMethodAttributes (19ms)
				AfterProcessingInitializeOnLoad (1ms)
				EditorAssembliesLoaded (0ms)
			ExecutionOrderSort2 (0ms)
			AwakeInstancesAfterBackupRestoration (3ms)
Platform modules already initialized, skipping
Shader 'SimpleURPToonLitExample(With Outline)': fallback shader 'Hidden/Universal Render Pipeline/FallbackError' not found
Shader 'SimpleURPToonLitExample(With Outline)': fallback shader 'Hidden/Universal Render Pipeline/FallbackError' not found
Refreshing native plugins compatible for Editor in 1.50 ms, found 2 plugins.
Preloading 0 native plugins for Editor in 0.00 ms.
Unloading 3759 Unused Serialized files (Serialized files now loaded: 0)
Unloading 20 unused Assets / (101.4 KB). Loaded Objects now: 4293.
Memory consumption went from 284.2 MB to 284.1 MB.
Total: 6.834959 ms (FindLiveObjects: 0.351375 ms CreateObjectMapping: 0.121959 ms MarkObjects: 6.219875 ms  DeleteObjects: 0.140917 ms)

AssetImportParameters requested are different than current active one (requested -> active):
  custom:video-decoder-ogg-theora: a1e56fd34408186e4bbccfd4996cb3dc -> 
  custom:container-muxer-webm: aa71ff27fc2769a1b78a27578f13a17b -> 
  custom:container-demuxer-webm: 4f35f7cbe854078d1ac9338744f61a02 -> 
  custom:video-encoder-webm-vp8: eb34c28f22e8b96e1ab97ce403110664 -> 
  custom:framework-osx-AVFoundation: e770b220cccbd017edd2c1fefb359320 -> 
  custom:audio-encoder-webm-vorbis: bf7c407c2cedff20999df2af8eb42d56 -> 
  custom:container-demuxer-ogg: 62fdf1f143b41e24485cea50d1cbac27 -> 
  custom:video-decoder-webm-vp8: 9c59270c3fd7afecdb556c50c9e8de78 -> 
  custom:audio-decoder-ogg-vorbis: bf7c407c2cedff20999df2af8eb42d56 -> 
========================================================================
Received Import Request.
  Time since last request: 686.300923 seconds.
  path: Assets/Prefabs/Rabbit 1.prefab
  artifactKey: Guid(1625de274fae24a26aa1ecfa2c0986dd) Importer(815301076,1909f56bfc062723c751e8b465ee728b)
Start importing Assets/Prefabs/Rabbit 1.prefab using Guid(1625de274fae24a26aa1ecfa2c0986dd) Importer(815301076,1909f56bfc062723c751e8b465ee728b)  -> (artifact id: 'bdf568ea51e795b09d149e0a52d090f4') in 0.149831 seconds 
========================================================================
Received Import Request.
  Time since last request: 13.305639 seconds.
  path: Assets/Prefabs/Rabbit 1.prefab
  artifactKey: Guid(1625de274fae24a26aa1ecfa2c0986dd) Importer(815301076,1909f56bfc062723c751e8b465ee728b)
Start importing Assets/Prefabs/Rabbit 1.prefab using Guid(1625de274fae24a26aa1ecfa2c0986dd) Importer(815301076,1909f56bfc062723c751e8b465ee728b)  -> (artifact id: '91f2beee35dc21f5f4073ec65733b27e') in 0.040629 seconds 
========================================================================
Received Import Request.
  Time since last request: 3.532898 seconds.
  path: Assets/Prefabs/Rabbit 1.prefab
  artifactKey: Guid(1625de274fae24a26aa1ecfa2c0986dd) Importer(815301076,1909f56bfc062723c751e8b465ee728b)
Start importing Assets/Prefabs/Rabbit 1.prefab using Guid(1625de274fae24a26aa1ecfa2c0986dd) Importer(815301076,1909f56bfc062723c751e8b465ee728b)  -> (artifact id: '18bb3ee7bf27f85d8b75812d067ff0c5') in 0.038395 seconds 
========================================================================
Received Import Request.
  Time since last request: 13.074692 seconds.
  path: Assets/Prefabs/Rabbit 1.prefab
  artifactKey: Guid(1625de274fae24a26aa1ecfa2c0986dd) Importer(815301076,1909f56bfc062723c751e8b465ee728b)
Start importing Assets/Prefabs/Rabbit 1.prefab using Guid(1625de274fae24a26aa1ecfa2c0986dd) Importer(815301076,1909f56bfc062723c751e8b465ee728b)  -> (artifact id: 'b21957bf829a0c30b9f25cfb77656298') in 0.060220 seconds 
========================================================================
Received Import Request.
  Time since last request: 1.378827 seconds.
  path: Assets/Prefabs/Rabbit 1.prefab
  artifactKey: Guid(1625de274fae24a26aa1ecfa2c0986dd) Importer(815301076,1909f56bfc062723c751e8b465ee728b)
Start importing Assets/Prefabs/Rabbit 1.prefab using Guid(1625de274fae24a26aa1ecfa2c0986dd) Importer(815301076,1909f56bfc062723c751e8b465ee728b)  -> (artifact id: 'e801fab0db902cef85b688965cf81e17') in 0.008213 seconds 
========================================================================
Received Import Request.
  Time since last request: 27.806608 seconds.
  path: Assets/Prefabs/Rabbit 1.prefab
  artifactKey: Guid(1625de274fae24a26aa1ecfa2c0986dd) Importer(815301076,1909f56bfc062723c751e8b465ee728b)
Start importing Assets/Prefabs/Rabbit 1.prefab using Guid(1625de274fae24a26aa1ecfa2c0986dd) Importer(815301076,1909f56bfc062723c751e8b465ee728b)  -> (artifact id: '9a34d6b9b1902f6f23827acb99d74dad') in 0.087548 seconds 
========================================================================
Received Import Request.
  Time since last request: 361.097223 seconds.
  path: Assets/Sound/death.mp3
  artifactKey: Guid(a6044646e783c452fbc23e8c3b8b43a4) Importer(815301076,1909f56bfc062723c751e8b465ee728b)
Start importing Assets/Sound/death.mp3 using Guid(a6044646e783c452fbc23e8c3b8b43a4) Importer(815301076,1909f56bfc062723c751e8b465ee728b)  -> (artifact id: '0127759d735d0bc2fddd7e414d5d0801') in 0.798223 seconds 
========================================================================
Received Import Request.
  Time since last request: 6.614808 seconds.
  path: Assets/Sound/monster
  artifactKey: Guid(23dcb34c295e7417f9f9d1d53855384a) Importer(815301076,1909f56bfc062723c751e8b465ee728b)
Start importing Assets/Sound/monster using Guid(23dcb34c295e7417f9f9d1d53855384a) Importer(815301076,1909f56bfc062723c751e8b465ee728b)  -> (artifact id: '918afa08d8b565d9f1c2e1b0d61bbeeb') in 0.001036 seconds 
========================================================================
Received Import Request.
  Time since last request: 24.232757 seconds.
  path: Assets/Prefabs/Rabbit 1.prefab
  artifactKey: Guid(1625de274fae24a26aa1ecfa2c0986dd) Importer(815301076,1909f56bfc062723c751e8b465ee728b)
Start importing Assets/Prefabs/Rabbit 1.prefab using Guid(1625de274fae24a26aa1ecfa2c0986dd) Importer(815301076,1909f56bfc062723c751e8b465ee728b)  -> (artifact id: 'cdbf95a78a945898ed3a06a8cd70cbad') in 0.050479 seconds 
========================================================================
Received Import Request.
  Time since last request: 2.873337 seconds.
  path: Assets/Prefabs/Rabbit 1.prefab
  artifactKey: Guid(1625de274fae24a26aa1ecfa2c0986dd) Importer(815301076,1909f56bfc062723c751e8b465ee728b)
Start importing Assets/Prefabs/Rabbit 1.prefab using Guid(1625de274fae24a26aa1ecfa2c0986dd) Importer(815301076,1909f56bfc062723c751e8b465ee728b)  -> (artifact id: 'cb657bfe309978619581278f0b991f26') in 0.009827 seconds 
========================================================================
Received Import Request.
  Time since last request: 10.348721 seconds.
  path: Assets/Prefabs/Rabbit 1.prefab
  artifactKey: Guid(1625de274fae24a26aa1ecfa2c0986dd) Importer(815301076,1909f56bfc062723c751e8b465ee728b)
Start importing Assets/Prefabs/Rabbit 1.prefab using Guid(1625de274fae24a26aa1ecfa2c0986dd) Importer(815301076,1909f56bfc062723c751e8b465ee728b)  -> (artifact id: '4d764ee8c9ae97ff5c457d847f6972ec') in 0.044482 seconds 
========================================================================
Received Import Request.
  Time since last request: 1.853671 seconds.
  path: Assets/Prefabs/Rabbit 1.prefab
  artifactKey: Guid(1625de274fae24a26aa1ecfa2c0986dd) Importer(815301076,1909f56bfc062723c751e8b465ee728b)
Start importing Assets/Prefabs/Rabbit 1.prefab using Guid(1625de274fae24a26aa1ecfa2c0986dd) Importer(815301076,1909f56bfc062723c751e8b465ee728b)  -> (artifact id: '38697fcd45ee331b591cf83a14600abb') in 0.009012 seconds 
========================================================================
Received Prepare
Registering precompiled user dll's ...
Registered in 0.002468 seconds.
Begin MonoManager ReloadAssembly
Thread 0x2a0a3b000 may have been prematurely finalized
Symbol file LoadedFromMemory doesn't match image /Users/g.a_me__/Documents/GitHub/Slime/Slime/Library/PackageCache/com.unity.visualscripting@1.7.8/Editor/VisualScripting.Core/Dependencies/YamlDotNet/Unity.VisualScripting.YamlDotNet.dll
Symbol file LoadedFromMemory doesn't match image /Users/g.a_me__/Documents/GitHub/Slime/Slime/Library/PackageCache/com.unity.visualscripting@1.7.8/Editor/VisualScripting.Core/Dependencies/DotNetZip/Unity.VisualScripting.IonicZip.dll
Native extension for iOS target not found
Native extension for Android target not found
Native extension for OSXStandalone target not found
Native extension for WebGL target not found
Refreshing native plugins compatible for Editor in 1.05 ms, found 2 plugins.
Preloading 0 native plugins for Editor in 0.00 ms.
Mono: successfully reloaded assembly
- Completed reload, in  0.820 seconds
Domain Reload Profiling:
	ReloadAssembly (821ms)
		BeginReloadAssembly (138ms)
			ExecutionOrderSort (0ms)
			DisableScriptedObjects (3ms)
			BackupInstance (0ms)
			ReleaseScriptingObjects (0ms)
			CreateAndSetChildDomain (55ms)
		EndReloadAssembly (622ms)
			LoadAssemblies (60ms)
			RebuildTransferFunctionScriptingTraits (0ms)
			SetupTypeCache (197ms)
			ReleaseScriptCaches (8ms)
			RebuildScriptCaches (39ms)
			SetupLoadedEditorAssemblies (306ms)
				LogAssemblyErrors (0ms)
				InitializePlatformSupportModulesInManaged (27ms)
				SetLoadedEditorAssemblies (0ms)
				RefreshPlugins (1ms)
				BeforeProcessingInitializeOnLoad (47ms)
				ProcessInitializeOnLoadAttributes (197ms)
				ProcessInitializeOnLoadMethodAttributes (32ms)
				AfterProcessingInitializeOnLoad (1ms)
				EditorAssembliesLoaded (0ms)
			ExecutionOrderSort2 (0ms)
			AwakeInstancesAfterBackupRestoration (2ms)
Platform modules already initialized, skipping
Shader 'SimpleURPToonLitExample(With Outline)': fallback shader 'Hidden/Universal Render Pipeline/FallbackError' not found
Shader 'SimpleURPToonLitExample(With Outline)': fallback shader 'Hidden/Universal Render Pipeline/FallbackError' not found
Refreshing native plugins compatible for Editor in 1.64 ms, found 2 plugins.
Preloading 0 native plugins for Editor in 0.00 ms.
Unloading 3759 Unused Serialized files (Serialized files now loaded: 0)
Unloading 20 unused Assets / (101.3 KB). Loaded Objects now: 4299.
Memory consumption went from 379.1 MB to 379.0 MB.
Total: 5.256917 ms (FindLiveObjects: 0.272250 ms CreateObjectMapping: 0.118209 ms MarkObjects: 4.769041 ms  DeleteObjects: 0.093459 ms)

AssetImportParameters requested are different than current active one (requested -> active):
  custom:video-decoder-ogg-theora: a1e56fd34408186e4bbccfd4996cb3dc -> 
  custom:container-muxer-webm: aa71ff27fc2769a1b78a27578f13a17b -> 
  custom:container-demuxer-webm: 4f35f7cbe854078d1ac9338744f61a02 -> 
  custom:video-encoder-webm-vp8: eb34c28f22e8b96e1ab97ce403110664 -> 
  custom:framework-osx-AVFoundation: e770b220cccbd017edd2c1fefb359320 -> 
  custom:audio-encoder-webm-vorbis: bf7c407c2cedff20999df2af8eb42d56 -> 
  custom:container-demuxer-ogg: 62fdf1f143b41e24485cea50d1cbac27 -> 
  custom:video-decoder-webm-vp8: 9c59270c3fd7afecdb556c50c9e8de78 -> 
  custom:audio-decoder-ogg-vorbis: bf7c407c2cedff20999df2af8eb42d56 -> 
========================================================================
Received Import Request.
  Time since last request: 16.176681 seconds.
  path: Assets/Prefabs/Rabbit 1.prefab
  artifactKey: Guid(1625de274fae24a26aa1ecfa2c0986dd) Importer(815301076,1909f56bfc062723c751e8b465ee728b)
Start importing Assets/Prefabs/Rabbit 1.prefab using Guid(1625de274fae24a26aa1ecfa2c0986dd) Importer(815301076,1909f56bfc062723c751e8b465ee728b)  -> (artifact id: '53e2832f23b0a04fd809b805b6da7d27') in 0.132558 seconds 
========================================================================
Received Prepare
Registering precompiled user dll's ...
Registered in 0.001262 seconds.
Begin MonoManager ReloadAssembly
Thread 0x2a0a3b000 may have been prematurely finalized
Symbol file LoadedFromMemory doesn't match image /Users/g.a_me__/Documents/GitHub/Slime/Slime/Library/PackageCache/com.unity.visualscripting@1.7.8/Editor/VisualScripting.Core/Dependencies/YamlDotNet/Unity.VisualScripting.YamlDotNet.dll
Symbol file LoadedFromMemory doesn't match image /Users/g.a_me__/Documents/GitHub/Slime/Slime/Library/PackageCache/com.unity.visualscripting@1.7.8/Editor/VisualScripting.Core/Dependencies/DotNetZip/Unity.VisualScripting.IonicZip.dll
Native extension for iOS target not found
Native extension for Android target not found
Native extension for OSXStandalone target not found
Native extension for WebGL target not found
Refreshing native plugins compatible for Editor in 2.27 ms, found 2 plugins.
Preloading 0 native plugins for Editor in 0.00 ms.
Mono: successfully reloaded assembly
- Completed reload, in  0.689 seconds
Domain Reload Profiling:
	ReloadAssembly (690ms)
		BeginReloadAssembly (109ms)
			ExecutionOrderSort (0ms)
			DisableScriptedObjects (3ms)
			BackupInstance (0ms)
			ReleaseScriptingObjects (0ms)
			CreateAndSetChildDomain (55ms)
		EndReloadAssembly (523ms)
			LoadAssemblies (40ms)
			RebuildTransferFunctionScriptingTraits (0ms)
			SetupTypeCache (189ms)
			ReleaseScriptCaches (1ms)
			RebuildScriptCaches (26ms)
			SetupLoadedEditorAssemblies (238ms)
				LogAssemblyErrors (0ms)
				InitializePlatformSupportModulesInManaged (29ms)
				SetLoadedEditorAssemblies (1ms)
				RefreshPlugins (2ms)
				BeforeProcessingInitializeOnLoad (42ms)
				ProcessInitializeOnLoadAttributes (151ms)
				ProcessInitializeOnLoadMethodAttributes (14ms)
				AfterProcessingInitializeOnLoad (1ms)
				EditorAssembliesLoaded (0ms)
			ExecutionOrderSort2 (0ms)
			AwakeInstancesAfterBackupRestoration (2ms)
Platform modules already initialized, skipping
Shader 'SimpleURPToonLitExample(With Outline)': fallback shader 'Hidden/Universal Render Pipeline/FallbackError' not found
Shader 'SimpleURPToonLitExample(With Outline)': fallback shader 'Hidden/Universal Render Pipeline/FallbackError' not found
Refreshing native plugins compatible for Editor in 1.33 ms, found 2 plugins.
Preloading 0 native plugins for Editor in 0.00 ms.
Unloading 3759 Unused Serialized files (Serialized files now loaded: 0)
Unloading 20 unused Assets / (101.3 KB). Loaded Objects now: 4302.
Memory consumption went from 382.2 MB to 382.1 MB.
Total: 4.122583 ms (FindLiveObjects: 0.197750 ms CreateObjectMapping: 0.098083 ms MarkObjects: 3.728959 ms  DeleteObjects: 0.097083 ms)

AssetImportParameters requested are different than current active one (requested -> active):
  custom:video-decoder-ogg-theora: a1e56fd34408186e4bbccfd4996cb3dc -> 
  custom:container-muxer-webm: aa71ff27fc2769a1b78a27578f13a17b -> 
  custom:container-demuxer-webm: 4f35f7cbe854078d1ac9338744f61a02 -> 
  custom:video-encoder-webm-vp8: eb34c28f22e8b96e1ab97ce403110664 -> 
  custom:framework-osx-AVFoundation: e770b220cccbd017edd2c1fefb359320 -> 
  custom:audio-encoder-webm-vorbis: bf7c407c2cedff20999df2af8eb42d56 -> 
  custom:container-demuxer-ogg: 62fdf1f143b41e24485cea50d1cbac27 -> 
  custom:video-decoder-webm-vp8: 9c59270c3fd7afecdb556c50c9e8de78 -> 
  custom:audio-decoder-ogg-vorbis: bf7c407c2cedff20999df2af8eb42d56 -> 
========================================================================
Received Import Request.
  Time since last request: 23.069259 seconds.
  path: Assets/Prefabs/Rabbit 1.prefab
  artifactKey: Guid(1625de274fae24a26aa1ecfa2c0986dd) Importer(815301076,1909f56bfc062723c751e8b465ee728b)
Start importing Assets/Prefabs/Rabbit 1.prefab using Guid(1625de274fae24a26aa1ecfa2c0986dd) Importer(815301076,1909f56bfc062723c751e8b465ee728b)  -> (artifact id: '465bd517cbb7828a119a54d79e8395b3') in 0.112177 seconds 
========================================================================
Received Import Request.
  Time since last request: 2.284746 seconds.
  path: Assets/Prefabs/Rabbit 1.prefab
  artifactKey: Guid(1625de274fae24a26aa1ecfa2c0986dd) Importer(815301076,1909f56bfc062723c751e8b465ee728b)
Start importing Assets/Prefabs/Rabbit 1.prefab using Guid(1625de274fae24a26aa1ecfa2c0986dd) Importer(815301076,1909f56bfc062723c751e8b465ee728b)  -> (artifact id: '2b2aca9ed37e0e3e83af8aec2a05f2cd') in 0.016975 seconds 
========================================================================
Received Import Request.
  Time since last request: 35.483727 seconds.
  path: Assets/Prefabs/Rabbit 1.prefab
  artifactKey: Guid(1625de274fae24a26aa1ecfa2c0986dd) Importer(815301076,1909f56bfc062723c751e8b465ee728b)
Start importing Assets/Prefabs/Rabbit 1.prefab using Guid(1625de274fae24a26aa1ecfa2c0986dd) Importer(815301076,1909f56bfc062723c751e8b465ee728b)  -> (artifact id: '9b68008465c01b20f5884dce9dfba26e') in 0.153115 seconds 
========================================================================
Received Prepare
Registering precompiled user dll's ...
Registered in 0.001331 seconds.
Begin MonoManager ReloadAssembly
Thread 0x2a0a3b000 may have been prematurely finalized
Symbol file LoadedFromMemory doesn't match image /Users/g.a_me__/Documents/GitHub/Slime/Slime/Library/PackageCache/com.unity.visualscripting@1.7.8/Editor/VisualScripting.Core/Dependencies/YamlDotNet/Unity.VisualScripting.YamlDotNet.dll
Symbol file LoadedFromMemory doesn't match image /Users/g.a_me__/Documents/GitHub/Slime/Slime/Library/PackageCache/com.unity.visualscripting@1.7.8/Editor/VisualScripting.Core/Dependencies/DotNetZip/Unity.VisualScripting.IonicZip.dll
Native extension for iOS target not found
Native extension for Android target not found
Native extension for OSXStandalone target not found
Native extension for WebGL target not found
Refreshing native plugins compatible for Editor in 1.49 ms, found 2 plugins.
Preloading 0 native plugins for Editor in 0.00 ms.
Mono: successfully reloaded assembly
- Completed reload, in  1.060 seconds
Domain Reload Profiling:
	ReloadAssembly (1060ms)
		BeginReloadAssembly (218ms)
			ExecutionOrderSort (0ms)
			DisableScriptedObjects (11ms)
			BackupInstance (0ms)
			ReleaseScriptingObjects (0ms)
			CreateAndSetChildDomain (89ms)
		EndReloadAssembly (776ms)
			LoadAssemblies (161ms)
			RebuildTransferFunctionScriptingTraits (1ms)
			SetupTypeCache (256ms)
			ReleaseScriptCaches (21ms)
			RebuildScriptCaches (33ms)
			SetupLoadedEditorAssemblies (319ms)
				LogAssemblyErrors (0ms)
				InitializePlatformSupportModulesInManaged (60ms)
				SetLoadedEditorAssemblies (1ms)
				RefreshPlugins (2ms)
				BeforeProcessingInitializeOnLoad (56ms)
				ProcessInitializeOnLoadAttributes (183ms)
				ProcessInitializeOnLoadMethodAttributes (18ms)
				AfterProcessingInitializeOnLoad (1ms)
				EditorAssembliesLoaded (0ms)
			ExecutionOrderSort2 (0ms)
			AwakeInstancesAfterBackupRestoration (2ms)
Platform modules already initialized, skipping
Shader 'SimpleURPToonLitExample(With Outline)': fallback shader 'Hidden/Universal Render Pipeline/FallbackError' not found
Shader 'SimpleURPToonLitExample(With Outline)': fallback shader 'Hidden/Universal Render Pipeline/FallbackError' not found
Refreshing native plugins compatible for Editor in 1.08 ms, found 2 plugins.
Preloading 0 native plugins for Editor in 0.00 ms.
Unloading 3759 Unused Serialized files (Serialized files now loaded: 0)
Unloading 20 unused Assets / (101.3 KB). Loaded Objects now: 4305.
Memory consumption went from 385.3 MB to 385.2 MB.
Total: 12.913667 ms (FindLiveObjects: 0.799042 ms CreateObjectMapping: 0.208042 ms MarkObjects: 11.794167 ms  DeleteObjects: 0.111375 ms)

AssetImportParameters requested are different than current active one (requested -> active):
  custom:video-decoder-ogg-theora: a1e56fd34408186e4bbccfd4996cb3dc -> 
  custom:container-muxer-webm: aa71ff27fc2769a1b78a27578f13a17b -> 
  custom:container-demuxer-webm: 4f35f7cbe854078d1ac9338744f61a02 -> 
  custom:video-encoder-webm-vp8: eb34c28f22e8b96e1ab97ce403110664 -> 
  custom:framework-osx-AVFoundation: e770b220cccbd017edd2c1fefb359320 -> 
  custom:audio-encoder-webm-vorbis: bf7c407c2cedff20999df2af8eb42d56 -> 
  custom:container-demuxer-ogg: 62fdf1f143b41e24485cea50d1cbac27 -> 
  custom:video-decoder-webm-vp8: 9c59270c3fd7afecdb556c50c9e8de78 -> 
  custom:audio-decoder-ogg-vorbis: bf7c407c2cedff20999df2af8eb42d56 -> 
========================================================================
Received Import Request.
  Time since last request: 34.537280 seconds.
  path: Assets/Prefabs/Rabbit 1.prefab
  artifactKey: Guid(1625de274fae24a26aa1ecfa2c0986dd) Importer(815301076,1909f56bfc062723c751e8b465ee728b)
Start importing Assets/Prefabs/Rabbit 1.prefab using Guid(1625de274fae24a26aa1ecfa2c0986dd) Importer(815301076,1909f56bfc062723c751e8b465ee728b)  -> (artifact id: '54b1a28537fad2a191b3533644046c27') in 0.138162 seconds 
========================================================================
Received Import Request.
  Time since last request: 7.894175 seconds.
  path: Assets/Prefabs/Rabbit 1.prefab
  artifactKey: Guid(1625de274fae24a26aa1ecfa2c0986dd) Importer(815301076,1909f56bfc062723c751e8b465ee728b)
Start importing Assets/Prefabs/Rabbit 1.prefab using Guid(1625de274fae24a26aa1ecfa2c0986dd) Importer(815301076,1909f56bfc062723c751e8b465ee728b)  -> (artifact id: 'c358eeef11f8d12d782f78dc3cc6a2ae') in 0.040889 seconds 
========================================================================
Received Import Request.
  Time since last request: 2.325025 seconds.
  path: Assets/Prefabs/Rabbit 1.prefab
  artifactKey: Guid(1625de274fae24a26aa1ecfa2c0986dd) Importer(815301076,1909f56bfc062723c751e8b465ee728b)
Start importing Assets/Prefabs/Rabbit 1.prefab using Guid(1625de274fae24a26aa1ecfa2c0986dd) Importer(815301076,1909f56bfc062723c751e8b465ee728b)  -> (artifact id: '5b1556103da5c08c58b9ab874dedaaef') in 0.008480 seconds 
========================================================================
Received Import Request.
  Time since last request: 1.660876 seconds.
  path: Assets/Prefabs/Rabbit 1.prefab
  artifactKey: Guid(1625de274fae24a26aa1ecfa2c0986dd) Importer(815301076,1909f56bfc062723c751e8b465ee728b)
Start importing Assets/Prefabs/Rabbit 1.prefab using Guid(1625de274fae24a26aa1ecfa2c0986dd) Importer(815301076,1909f56bfc062723c751e8b465ee728b)  -> (artifact id: 'ce7c5b7bfc6e799e5b6e186e0f7f87a2') in 0.021027 seconds 
========================================================================
Received Import Request.
  Time since last request: 9.941137 seconds.
  path: Assets/Prefabs/Rabbit 1.prefab
  artifactKey: Guid(1625de274fae24a26aa1ecfa2c0986dd) Importer(815301076,1909f56bfc062723c751e8b465ee728b)
Start importing Assets/Prefabs/Rabbit 1.prefab using Guid(1625de274fae24a26aa1ecfa2c0986dd) Importer(815301076,1909f56bfc062723c751e8b465ee728b)  -> (artifact id: '6d4f338fa7343226079d74825c96d611') in 0.084119 seconds 
========================================================================
Received Prepare
Registering precompiled user dll's ...
Registered in 0.001268 seconds.
Begin MonoManager ReloadAssembly
Thread 0x2a0a3b000 may have been prematurely finalized
Symbol file LoadedFromMemory doesn't match image /Users/g.a_me__/Documents/GitHub/Slime/Slime/Library/PackageCache/com.unity.visualscripting@1.7.8/Editor/VisualScripting.Core/Dependencies/YamlDotNet/Unity.VisualScripting.YamlDotNet.dll
Symbol file LoadedFromMemory doesn't match image /Users/g.a_me__/Documents/GitHub/Slime/Slime/Library/PackageCache/com.unity.visualscripting@1.7.8/Editor/VisualScripting.Core/Dependencies/DotNetZip/Unity.VisualScripting.IonicZip.dll
Native extension for iOS target not found
Native extension for Android target not found
Native extension for OSXStandalone target not found
Native extension for WebGL target not found
Refreshing native plugins compatible for Editor in 3.79 ms, found 2 plugins.
Preloading 0 native plugins for Editor in 0.00 ms.
Mono: successfully reloaded assembly
- Completed reload, in  0.845 seconds
Domain Reload Profiling:
	ReloadAssembly (846ms)
		BeginReloadAssembly (165ms)
			ExecutionOrderSort (0ms)
			DisableScriptedObjects (3ms)
			BackupInstance (0ms)
			ReleaseScriptingObjects (0ms)
			CreateAndSetChildDomain (80ms)
		EndReloadAssembly (606ms)
			LoadAssemblies (60ms)
			RebuildTransferFunctionScriptingTraits (1ms)
			SetupTypeCache (208ms)
			ReleaseScriptCaches (19ms)
			RebuildScriptCaches (46ms)
			SetupLoadedEditorAssemblies (251ms)
				LogAssemblyErrors (0ms)
				InitializePlatformSupportModulesInManaged (30ms)
				SetLoadedEditorAssemblies (0ms)
				RefreshPlugins (4ms)
				BeforeProcessingInitializeOnLoad (41ms)
				ProcessInitializeOnLoadAttributes (156ms)
				ProcessInitializeOnLoadMethodAttributes (18ms)
				AfterProcessingInitializeOnLoad (1ms)
				EditorAssembliesLoaded (0ms)
			ExecutionOrderSort2 (0ms)
			AwakeInstancesAfterBackupRestoration (3ms)
Platform modules already initialized, skipping
Shader 'SimpleURPToonLitExample(With Outline)': fallback shader 'Hidden/Universal Render Pipeline/FallbackError' not found
Shader 'SimpleURPToonLitExample(With Outline)': fallback shader 'Hidden/Universal Render Pipeline/FallbackError' not found
Refreshing native plugins compatible for Editor in 1.02 ms, found 2 plugins.
Preloading 0 native plugins for Editor in 0.00 ms.
Unloading 3759 Unused Serialized files (Serialized files now loaded: 0)
Unloading 20 unused Assets / (101.4 KB). Loaded Objects now: 4308.
Memory consumption went from 388.4 MB to 388.3 MB.
Total: 6.317250 ms (FindLiveObjects: 0.183041 ms CreateObjectMapping: 0.106042 ms MarkObjects: 5.869958 ms  DeleteObjects: 0.157708 ms)

AssetImportParameters requested are different than current active one (requested -> active):
  custom:video-decoder-ogg-theora: a1e56fd34408186e4bbccfd4996cb3dc -> 
  custom:container-muxer-webm: aa71ff27fc2769a1b78a27578f13a17b -> 
  custom:container-demuxer-webm: 4f35f7cbe854078d1ac9338744f61a02 -> 
  custom:video-encoder-webm-vp8: eb34c28f22e8b96e1ab97ce403110664 -> 
  custom:framework-osx-AVFoundation: e770b220cccbd017edd2c1fefb359320 -> 
  custom:audio-encoder-webm-vorbis: bf7c407c2cedff20999df2af8eb42d56 -> 
  custom:container-demuxer-ogg: 62fdf1f143b41e24485cea50d1cbac27 -> 
  custom:video-decoder-webm-vp8: 9c59270c3fd7afecdb556c50c9e8de78 -> 
  custom:audio-decoder-ogg-vorbis: bf7c407c2cedff20999df2af8eb42d56 -> 
========================================================================
Received Prepare
Registering precompiled user dll's ...
Registered in 0.001650 seconds.
Begin MonoManager ReloadAssembly
Thread 0x2a0a3b000 may have been prematurely finalized
Symbol file LoadedFromMemory doesn't match image /Users/g.a_me__/Documents/GitHub/Slime/Slime/Library/PackageCache/com.unity.visualscripting@1.7.8/Editor/VisualScripting.Core/Dependencies/YamlDotNet/Unity.VisualScripting.YamlDotNet.dll
Symbol file LoadedFromMemory doesn't match image /Users/g.a_me__/Documents/GitHub/Slime/Slime/Library/PackageCache/com.unity.visualscripting@1.7.8/Editor/VisualScripting.Core/Dependencies/DotNetZip/Unity.VisualScripting.IonicZip.dll
Native extension for iOS target not found
Native extension for Android target not found
Native extension for OSXStandalone target not found
Native extension for WebGL target not found
Refreshing native plugins compatible for Editor in 1.28 ms, found 2 plugins.
Preloading 0 native plugins for Editor in 0.00 ms.
Mono: successfully reloaded assembly
- Completed reload, in  0.670 seconds
Domain Reload Profiling:
	ReloadAssembly (671ms)
		BeginReloadAssembly (116ms)
			ExecutionOrderSort (0ms)
			DisableScriptedObjects (4ms)
			BackupInstance (0ms)
			ReleaseScriptingObjects (0ms)
			CreateAndSetChildDomain (58ms)
		EndReloadAssembly (498ms)
			LoadAssemblies (38ms)
			RebuildTransferFunctionScriptingTraits (0ms)
			SetupTypeCache (181ms)
			ReleaseScriptCaches (1ms)
			RebuildScriptCaches (26ms)
			SetupLoadedEditorAssemblies (227ms)
				LogAssemblyErrors (0ms)
				InitializePlatformSupportModulesInManaged (19ms)
				SetLoadedEditorAssemblies (0ms)
				RefreshPlugins (1ms)
				BeforeProcessingInitializeOnLoad (36ms)
				ProcessInitializeOnLoadAttributes (156ms)
				ProcessInitializeOnLoadMethodAttributes (14ms)
				AfterProcessingInitializeOnLoad (1ms)
				EditorAssembliesLoaded (0ms)
			ExecutionOrderSort2 (0ms)
			AwakeInstancesAfterBackupRestoration (2ms)
Platform modules already initialized, skipping
Shader 'SimpleURPToonLitExample(With Outline)': fallback shader 'Hidden/Universal Render Pipeline/FallbackError' not found
Shader 'SimpleURPToonLitExample(With Outline)': fallback shader 'Hidden/Universal Render Pipeline/FallbackError' not found
Refreshing native plugins compatible for Editor in 1.03 ms, found 2 plugins.
Preloading 0 native plugins for Editor in 0.00 ms.
Unloading 3759 Unused Serialized files (Serialized files now loaded: 0)
Unloading 20 unused Assets / (101.4 KB). Loaded Objects now: 4311.
Memory consumption went from 391.1 MB to 391.0 MB.
Total: 8.967667 ms (FindLiveObjects: 0.862333 ms CreateObjectMapping: 0.300000 ms MarkObjects: 7.685250 ms  DeleteObjects: 0.119375 ms)

AssetImportParameters requested are different than current active one (requested -> active):
  custom:video-decoder-ogg-theora: a1e56fd34408186e4bbccfd4996cb3dc -> 
  custom:container-muxer-webm: aa71ff27fc2769a1b78a27578f13a17b -> 
  custom:container-demuxer-webm: 4f35f7cbe854078d1ac9338744f61a02 -> 
  custom:video-encoder-webm-vp8: eb34c28f22e8b96e1ab97ce403110664 -> 
  custom:framework-osx-AVFoundation: e770b220cccbd017edd2c1fefb359320 -> 
  custom:audio-encoder-webm-vorbis: bf7c407c2cedff20999df2af8eb42d56 -> 
  custom:container-demuxer-ogg: 62fdf1f143b41e24485cea50d1cbac27 -> 
  custom:video-decoder-webm-vp8: 9c59270c3fd7afecdb556c50c9e8de78 -> 
  custom:audio-decoder-ogg-vorbis: bf7c407c2cedff20999df2af8eb42d56 -> 
========================================================================
Received Import Request.
  Time since last request: 105.748084 seconds.
  path: Assets/Kawaii Slimes/Textures/Grid.psd
  artifactKey: Guid(776bf7426e2d0c74ab7cca7070641577) Importer(815301076,1909f56bfc062723c751e8b465ee728b)
Start importing Assets/Kawaii Slimes/Textures/Grid.psd using Guid(776bf7426e2d0c74ab7cca7070641577) Importer(815301076,1909f56bfc062723c751e8b465ee728b)  -> (artifact id: '0ed24591a61c6243eb07869855b0b8a5') in 0.598268 seconds 
========================================================================
Received Import Request.
  Time since last request: 0.000054 seconds.
  path: Assets/Kawaii Slimes/Textures/Slime_03.psd
  artifactKey: Guid(3bb9fa0d8d0293e4cadb088c2ca595fa) Importer(815301076,1909f56bfc062723c751e8b465ee728b)
Start importing Assets/Kawaii Slimes/Textures/Slime_03.psd using Guid(3bb9fa0d8d0293e4cadb088c2ca595fa) Importer(815301076,1909f56bfc062723c751e8b465ee728b)  -> (artifact id: 'c80e6d22830f40d145022b0296f71599') in 0.006036 seconds 
========================================================================
Received Import Request.
  Time since last request: 1.382726 seconds.
  path: Assets/Kawaii Slimes/Scene Nav/NavMesh.asset
  artifactKey: Guid(29f8dd02c61f063428527e656b4737cb) Importer(815301076,1909f56bfc062723c751e8b465ee728b)
Start importing Assets/Kawaii Slimes/Scene Nav/NavMesh.asset using Guid(29f8dd02c61f063428527e656b4737cb) Importer(815301076,1909f56bfc062723c751e8b465ee728b)  -> (artifact id: 'c9fbc7fd3e74024467758063373ef5ac') in 0.062592 seconds 
========================================================================
Received Import Request.
  Time since last request: 4.286588 seconds.
  path: Assets/Kawaii Slimes/Models/Slimes/Slime_01.fbx
  artifactKey: Guid(9981a4f80fb95b04fb9d36e07baa17cb) Importer(815301076,1909f56bfc062723c751e8b465ee728b)
Start importing Assets/Kawaii Slimes/Models/Slimes/Slime_01.fbx using Guid(9981a4f80fb95b04fb9d36e07baa17cb) Importer(815301076,1909f56bfc062723c751e8b465ee728b)  -> (artifact id: 'd5b684933c31a31c0d18f4d375042c65') in 0.330182 seconds 
========================================================================
Received Import Request.
  Time since last request: 8.591911 seconds.
  path: Assets/Kawaii Slimes/Models/Top/Crown.fbx
  artifactKey: Guid(7f9934f54349dc2489d80b0298740ae5) Importer(815301076,1909f56bfc062723c751e8b465ee728b)
Start importing Assets/Kawaii Slimes/Models/Top/Crown.fbx using Guid(7f9934f54349dc2489d80b0298740ae5) Importer(815301076,1909f56bfc062723c751e8b465ee728b)  -> (artifact id: 'ede1c09202aa6672f3267b512ec335a6') in 0.034838 seconds 
========================================================================
Received Import Request.
  Time since last request: 0.000079 seconds.
  path: Assets/Kawaii Slimes/Models/Top/Sprout.fbx
  artifactKey: Guid(be4fadb40c54934419fd624cd0021acf) Importer(815301076,1909f56bfc062723c751e8b465ee728b)
Start importing Assets/Kawaii Slimes/Models/Top/Sprout.fbx using Guid(be4fadb40c54934419fd624cd0021acf) Importer(815301076,1909f56bfc062723c751e8b465ee728b)  -> (artifact id: 'b6c791da875162fdb1a2ee57a7a41f82') in 0.013056 seconds 
========================================================================
Received Import Request.
  Time since last request: 0.000087 seconds.
  path: Assets/Kawaii Slimes/Models/Top/VikingHelmet.fbx
  artifactKey: Guid(2e6931140dfc0a342b8aaca58929e860) Importer(815301076,1909f56bfc062723c751e8b465ee728b)
Start importing Assets/Kawaii Slimes/Models/Top/VikingHelmet.fbx using Guid(2e6931140dfc0a342b8aaca58929e860) Importer(815301076,1909f56bfc062723c751e8b465ee728b)  -> (artifact id: 'db0f97f0372663daeb711d29322075db') in 0.010041 seconds 
========================================================================
Received Import Request.
  Time since last request: 10.122319 seconds.
  path: Assets/Kawaii Slimes/Scripts/AI/DataFace.asset
  artifactKey: Guid(8b8a7554fceb39841840f45a2d8da540) Importer(815301076,1909f56bfc062723c751e8b465ee728b)
Start importing Assets/Kawaii Slimes/Scripts/AI/DataFace.asset using Guid(8b8a7554fceb39841840f45a2d8da540) Importer(815301076,1909f56bfc062723c751e8b465ee728b)  -> (artifact id: 'a472372459e60840411533036eab58a5') in 0.009682 seconds 
========================================================================
Received Import Request.
  Time since last request: 6.625476 seconds.
  path: Assets/Kawaii Slimes/Textures/Face/Face_00.psd
  artifactKey: Guid(2e0e5994249a31640bf4045362e1333e) Importer(815301076,1909f56bfc062723c751e8b465ee728b)
Start importing Assets/Kawaii Slimes/Textures/Face/Face_00.psd using Guid(2e0e5994249a31640bf4045362e1333e) Importer(815301076,1909f56bfc062723c751e8b465ee728b)  -> (artifact id: '4c9b453d232c239194b4b90c5be40592') in 0.042183 seconds 
========================================================================
Received Import Request.
  Time since last request: 0.001638 seconds.
  path: Assets/Kawaii Slimes/Textures/Face/Face_04.psd
  artifactKey: Guid(b05ea8b41aaa2f240ac3a19fd77afbc7) Importer(815301076,1909f56bfc062723c751e8b465ee728b)
Start importing Assets/Kawaii Slimes/Textures/Face/Face_04.psd using Guid(b05ea8b41aaa2f240ac3a19fd77afbc7) Importer(815301076,1909f56bfc062723c751e8b465ee728b)  -> (artifact id: 'cb4690a958f787c9606bf5731e50502d') in 0.005035 seconds 
========================================================================
Received Import Request.
  Time since last request: 1.361269 seconds.
  path: Assets/Kawaii Slimes/Textures/Light/Falloff.png
  artifactKey: Guid(4bb5e99a56a0ef444890e5a13b77fbe8) Importer(815301076,1909f56bfc062723c751e8b465ee728b)
Start importing Assets/Kawaii Slimes/Textures/Light/Falloff.png using Guid(4bb5e99a56a0ef444890e5a13b77fbe8) Importer(815301076,1909f56bfc062723c751e8b465ee728b)  -> (artifact id: 'fe4f8115fe34ba6262266c3c556e4835') in 0.466042 seconds 
========================================================================
Received Import Request.
  Time since last request: 69.130250 seconds.
  path: Assets/Resources/3b2e8a46219f269f441d6a7834430eee_t.jpeg
  artifactKey: Guid(c4cc82565a2dc454ea0408538633a8eb) Importer(815301076,1909f56bfc062723c751e8b465ee728b)
Start importing Assets/Resources/3b2e8a46219f269f441d6a7834430eee_t.jpeg using Guid(c4cc82565a2dc454ea0408538633a8eb) Importer(815301076,1909f56bfc062723c751e8b465ee728b)  -> (artifact id: 'de2a02dcd682d6daa41cc1da1dd66a2f') in 0.508436 seconds 
========================================================================
Received Import Request.
  Time since last request: 23.888320 seconds.
  path: Assets/Resources/3b2e8a46219f269f441d6a7834430eee_t.jpeg
  artifactKey: Guid(c4cc82565a2dc454ea0408538633a8eb) Importer(815301076,1909f56bfc062723c751e8b465ee728b)
Start importing Assets/Resources/3b2e8a46219f269f441d6a7834430eee_t.jpeg using Guid(c4cc82565a2dc454ea0408538633a8eb) Importer(815301076,1909f56bfc062723c751e8b465ee728b)  -> (artifact id: '612ad28751aa7f316e4dd27d66a2b7b0') in 0.078609 seconds 
========================================================================
Received Import Request.
  Time since last request: 22.745119 seconds.
  path: Assets/Resources/Slime.prefab
  artifactKey: Guid(f6f180a3339d047efbabfba55618bf08) Importer(815301076,1909f56bfc062723c751e8b465ee728b)
Start importing Assets/Resources/Slime.prefab using Guid(f6f180a3339d047efbabfba55618bf08) Importer(815301076,1909f56bfc062723c751e8b465ee728b)  -> (artifact id: '9f3790b95261089a9e0f1cb9b3fa2ef0') in 0.033737 seconds 
========================================================================
Received Import Request.
  Time since last request: 8.939113 seconds.
  path: Assets/Prefabs/Slime.prefab
  artifactKey: Guid(1625de274fae24a26aa1ecfa2c0986dd) Importer(815301076,1909f56bfc062723c751e8b465ee728b)
Start importing Assets/Prefabs/Slime.prefab using Guid(1625de274fae24a26aa1ecfa2c0986dd) Importer(815301076,1909f56bfc062723c751e8b465ee728b)  -> (artifact id: '83ec200c34187c4e6a3dad66c1df40b1') in 0.057748 seconds 
========================================================================
Received Prepare
Registering precompiled user dll's ...
Registered in 0.001589 seconds.
Begin MonoManager ReloadAssembly
Thread 0x2a0a3b000 may have been prematurely finalized
Symbol file LoadedFromMemory doesn't match image /Users/g.a_me__/Documents/GitHub/Slime/Slime/Library/PackageCache/com.unity.visualscripting@1.7.8/Editor/VisualScripting.Core/Dependencies/YamlDotNet/Unity.VisualScripting.YamlDotNet.dll
Symbol file LoadedFromMemory doesn't match image /Users/g.a_me__/Documents/GitHub/Slime/Slime/Library/PackageCache/com.unity.visualscripting@1.7.8/Editor/VisualScripting.Core/Dependencies/DotNetZip/Unity.VisualScripting.IonicZip.dll
Native extension for iOS target not found
Native extension for Android target not found
Native extension for OSXStandalone target not found
Native extension for WebGL target not found
Refreshing native plugins compatible for Editor in 1.13 ms, found 2 plugins.
Preloading 0 native plugins for Editor in 0.00 ms.
Mono: successfully reloaded assembly
- Completed reload, in  0.771 seconds
Domain Reload Profiling:
	ReloadAssembly (771ms)
		BeginReloadAssembly (170ms)
			ExecutionOrderSort (0ms)
			DisableScriptedObjects (3ms)
			BackupInstance (0ms)
			ReleaseScriptingObjects (0ms)
			CreateAndSetChildDomain (96ms)
		EndReloadAssembly (548ms)
			LoadAssemblies (53ms)
			RebuildTransferFunctionScriptingTraits (0ms)
			SetupTypeCache (212ms)
			ReleaseScriptCaches (4ms)
			RebuildScriptCaches (26ms)
			SetupLoadedEditorAssemblies (226ms)
				LogAssemblyErrors (0ms)
				InitializePlatformSupportModulesInManaged (19ms)
				SetLoadedEditorAssemblies (0ms)
				RefreshPlugins (1ms)
				BeforeProcessingInitializeOnLoad (34ms)
				ProcessInitializeOnLoadAttributes (157ms)
				ProcessInitializeOnLoadMethodAttributes (14ms)
				AfterProcessingInitializeOnLoad (1ms)
				EditorAssembliesLoaded (0ms)
			ExecutionOrderSort2 (0ms)
			AwakeInstancesAfterBackupRestoration (2ms)
Platform modules already initialized, skipping
Shader 'SimpleURPToonLitExample(With Outline)': fallback shader 'Hidden/Universal Render Pipeline/FallbackError' not found
Shader 'SimpleURPToonLitExample(With Outline)': fallback shader 'Hidden/Universal Render Pipeline/FallbackError' not found
Refreshing native plugins compatible for Editor in 2.35 ms, found 2 plugins.
Preloading 0 native plugins for Editor in 0.00 ms.
Unloading 3759 Unused Serialized files (Serialized files now loaded: 0)
Unloading 20 unused Assets / (102.5 KB). Loaded Objects now: 4322.
Memory consumption went from 0.77 GB to 0.77 GB.
Total: 2.759167 ms (FindLiveObjects: 0.158542 ms CreateObjectMapping: 0.090875 ms MarkObjects: 2.427666 ms  DeleteObjects: 0.081625 ms)

AssetImportParameters requested are different than current active one (requested -> active):
  custom:video-decoder-ogg-theora: a1e56fd34408186e4bbccfd4996cb3dc -> 
  custom:container-muxer-webm: aa71ff27fc2769a1b78a27578f13a17b -> 
  custom:container-demuxer-webm: 4f35f7cbe854078d1ac9338744f61a02 -> 
  custom:video-encoder-webm-vp8: eb34c28f22e8b96e1ab97ce403110664 -> 
  custom:framework-osx-AVFoundation: e770b220cccbd017edd2c1fefb359320 -> 
  custom:audio-encoder-webm-vorbis: bf7c407c2cedff20999df2af8eb42d56 -> 
  custom:container-demuxer-ogg: 62fdf1f143b41e24485cea50d1cbac27 -> 
  custom:video-decoder-webm-vp8: 9c59270c3fd7afecdb556c50c9e8de78 -> 
  custom:audio-decoder-ogg-vorbis: bf7c407c2cedff20999df2af8eb42d56 -> 
========================================================================
Received Import Request.
  Time since last request: 186.572896 seconds.
  path: Assets/Prefabs/Slime.prefab
  artifactKey: Guid(1625de274fae24a26aa1ecfa2c0986dd) Importer(815301076,1909f56bfc062723c751e8b465ee728b)
Start importing Assets/Prefabs/Slime.prefab using Guid(1625de274fae24a26aa1ecfa2c0986dd) Importer(815301076,1909f56bfc062723c751e8b465ee728b)  -> (artifact id: '1bf102d0881c54d5e8010057162b88dd') in 0.585100 seconds 
========================================================================
Received Prepare
Registering precompiled user dll's ...
Registered in 0.002789 seconds.
Begin MonoManager ReloadAssembly
Thread 0x2a0a3b000 may have been prematurely finalized
Symbol file LoadedFromMemory doesn't match image /Users/g.a_me__/Documents/GitHub/Slime/Slime/Library/PackageCache/com.unity.visualscripting@1.7.8/Editor/VisualScripting.Core/Dependencies/YamlDotNet/Unity.VisualScripting.YamlDotNet.dll
Symbol file LoadedFromMemory doesn't match image /Users/g.a_me__/Documents/GitHub/Slime/Slime/Library/PackageCache/com.unity.visualscripting@1.7.8/Editor/VisualScripting.Core/Dependencies/DotNetZip/Unity.VisualScripting.IonicZip.dll
Native extension for iOS target not found
Native extension for Android target not found
Native extension for OSXStandalone target not found
Native extension for WebGL target not found
Refreshing native plugins compatible for Editor in 3.02 ms, found 2 plugins.
Preloading 0 native plugins for Editor in 0.00 ms.
Mono: successfully reloaded assembly
- Completed reload, in  0.895 seconds
Domain Reload Profiling:
	ReloadAssembly (896ms)
		BeginReloadAssembly (177ms)
			ExecutionOrderSort (0ms)
			DisableScriptedObjects (5ms)
			BackupInstance (0ms)
			ReleaseScriptingObjects (1ms)
			CreateAndSetChildDomain (93ms)
		EndReloadAssembly (649ms)
			LoadAssemblies (56ms)
			RebuildTransferFunctionScriptingTraits (1ms)
			SetupTypeCache (220ms)
			ReleaseScriptCaches (12ms)
			RebuildScriptCaches (31ms)
			SetupLoadedEditorAssemblies (272ms)
				LogAssemblyErrors (0ms)
				InitializePlatformSupportModulesInManaged (33ms)
				SetLoadedEditorAssemblies (0ms)
				RefreshPlugins (3ms)
				BeforeProcessingInitializeOnLoad (40ms)
				ProcessInitializeOnLoadAttributes (168ms)
				ProcessInitializeOnLoadMethodAttributes (27ms)
				AfterProcessingInitializeOnLoad (1ms)
				EditorAssembliesLoaded (0ms)
			ExecutionOrderSort2 (0ms)
			AwakeInstancesAfterBackupRestoration (5ms)
Platform modules already initialized, skipping
Shader 'SimpleURPToonLitExample(With Outline)': fallback shader 'Hidden/Universal Render Pipeline/FallbackError' not found
Shader 'SimpleURPToonLitExample(With Outline)': fallback shader 'Hidden/Universal Render Pipeline/FallbackError' not found
Refreshing native plugins compatible for Editor in 1.16 ms, found 2 plugins.
Preloading 0 native plugins for Editor in 0.00 ms.
Unloading 3759 Unused Serialized files (Serialized files now loaded: 0)
Unloading 20 unused Assets / (102.6 KB). Loaded Objects now: 4325.
Memory consumption went from 0.77 GB to 0.77 GB.
Total: 12.530167 ms (FindLiveObjects: 0.167791 ms CreateObjectMapping: 0.149875 ms MarkObjects: 12.079459 ms  DeleteObjects: 0.132667 ms)

AssetImportParameters requested are different than current active one (requested -> active):
  custom:video-decoder-ogg-theora: a1e56fd34408186e4bbccfd4996cb3dc -> 
  custom:container-muxer-webm: aa71ff27fc2769a1b78a27578f13a17b -> 
  custom:container-demuxer-webm: 4f35f7cbe854078d1ac9338744f61a02 -> 
  custom:video-encoder-webm-vp8: eb34c28f22e8b96e1ab97ce403110664 -> 
  custom:framework-osx-AVFoundation: e770b220cccbd017edd2c1fefb359320 -> 
  custom:audio-encoder-webm-vorbis: bf7c407c2cedff20999df2af8eb42d56 -> 
  custom:container-demuxer-ogg: 62fdf1f143b41e24485cea50d1cbac27 -> 
  custom:video-decoder-webm-vp8: 9c59270c3fd7afecdb556c50c9e8de78 -> 
  custom:audio-decoder-ogg-vorbis: bf7c407c2cedff20999df2af8eb42d56 -> 
========================================================================
Received Import Request.
  Time since last request: 20.199464 seconds.
  path: Assets/Prefabs/Slime.prefab
  artifactKey: Guid(1625de274fae24a26aa1ecfa2c0986dd) Importer(815301076,1909f56bfc062723c751e8b465ee728b)
Start importing Assets/Prefabs/Slime.prefab using Guid(1625de274fae24a26aa1ecfa2c0986dd) Importer(815301076,1909f56bfc062723c751e8b465ee728b)  -> (artifact id: 'cbae6b819fa85c95d1cb1b7d77ce1498') in 0.128956 seconds 
========================================================================
Received Prepare
Registering precompiled user dll's ...
Registered in 0.001500 seconds.
Begin MonoManager ReloadAssembly
Thread 0x16dd1b000 may have been prematurely finalized
Symbol file LoadedFromMemory doesn't match image /Users/g.a_me__/Documents/GitHub/Slime/Slime/Library/PackageCache/com.unity.visualscripting@1.7.8/Editor/VisualScripting.Core/Dependencies/YamlDotNet/Unity.VisualScripting.YamlDotNet.dll
Symbol file LoadedFromMemory doesn't match image /Users/g.a_me__/Documents/GitHub/Slime/Slime/Library/PackageCache/com.unity.visualscripting@1.7.8/Editor/VisualScripting.Core/Dependencies/DotNetZip/Unity.VisualScripting.IonicZip.dll
Native extension for iOS target not found
Native extension for Android target not found
Native extension for OSXStandalone target not found
Native extension for WebGL target not found
Refreshing native plugins compatible for Editor in 1.28 ms, found 2 plugins.
Preloading 0 native plugins for Editor in 0.00 ms.
Mono: successfully reloaded assembly
- Completed reload, in  0.786 seconds
Domain Reload Profiling:
	ReloadAssembly (786ms)
		BeginReloadAssembly (160ms)
			ExecutionOrderSort (0ms)
			DisableScriptedObjects (4ms)
			BackupInstance (0ms)
			ReleaseScriptingObjects (0ms)
			CreateAndSetChildDomain (68ms)
		EndReloadAssembly (554ms)
			LoadAssemblies (61ms)
			RebuildTransferFunctionScriptingTraits (0ms)
			SetupTypeCache (221ms)
			ReleaseScriptCaches (7ms)
			RebuildScriptCaches (33ms)
			SetupLoadedEditorAssemblies (223ms)
				LogAssemblyErrors (0ms)
				InitializePlatformSupportModulesInManaged (22ms)
				SetLoadedEditorAssemblies (0ms)
				RefreshPlugins (1ms)
				BeforeProcessingInitializeOnLoad (37ms)
				ProcessInitializeOnLoadAttributes (146ms)
				ProcessInitializeOnLoadMethodAttributes (16ms)
				AfterProcessingInitializeOnLoad (1ms)
				EditorAssembliesLoaded (0ms)
			ExecutionOrderSort2 (0ms)
			AwakeInstancesAfterBackupRestoration (2ms)
Platform modules already initialized, skipping
Shader 'SimpleURPToonLitExample(With Outline)': fallback shader 'Hidden/Universal Render Pipeline/FallbackError' not found
Shader 'SimpleURPToonLitExample(With Outline)': fallback shader 'Hidden/Universal Render Pipeline/FallbackError' not found
Refreshing native plugins compatible for Editor in 0.86 ms, found 2 plugins.
Preloading 0 native plugins for Editor in 0.00 ms.
Unloading 3759 Unused Serialized files (Serialized files now loaded: 0)
Unloading 20 unused Assets / (102.4 KB). Loaded Objects now: 4328.
Memory consumption went from 0.78 GB to 0.78 GB.
Total: 3.062167 ms (FindLiveObjects: 0.170458 ms CreateObjectMapping: 0.093709 ms MarkObjects: 2.703667 ms  DeleteObjects: 0.093917 ms)

AssetImportParameters requested are different than current active one (requested -> active):
  custom:video-decoder-ogg-theora: a1e56fd34408186e4bbccfd4996cb3dc -> 
  custom:container-muxer-webm: aa71ff27fc2769a1b78a27578f13a17b -> 
  custom:container-demuxer-webm: 4f35f7cbe854078d1ac9338744f61a02 -> 
  custom:video-encoder-webm-vp8: eb34c28f22e8b96e1ab97ce403110664 -> 
  custom:framework-osx-AVFoundation: e770b220cccbd017edd2c1fefb359320 -> 
  custom:audio-encoder-webm-vorbis: bf7c407c2cedff20999df2af8eb42d56 -> 
  custom:container-demuxer-ogg: 62fdf1f143b41e24485cea50d1cbac27 -> 
  custom:video-decoder-webm-vp8: 9c59270c3fd7afecdb556c50c9e8de78 -> 
  custom:audio-decoder-ogg-vorbis: bf7c407c2cedff20999df2af8eb42d56 -> 
========================================================================
Received Import Request.
  Time since last request: 138.304508 seconds.
  path: Assets/Prefabs/Slime.prefab
  artifactKey: Guid(1625de274fae24a26aa1ecfa2c0986dd) Importer(815301076,1909f56bfc062723c751e8b465ee728b)
Start importing Assets/Prefabs/Slime.prefab using Guid(1625de274fae24a26aa1ecfa2c0986dd) Importer(815301076,1909f56bfc062723c751e8b465ee728b)  -> (artifact id: 'ee825638eb9b3e0b296604f95068e731') in 0.403599 seconds 
========================================================================
Received Prepare
Registering precompiled user dll's ...
Registered in 0.001242 seconds.
Begin MonoManager ReloadAssembly
Thread 0x16dd1b000 may have been prematurely finalized
Symbol file LoadedFromMemory doesn't match image /Users/g.a_me__/Documents/GitHub/Slime/Slime/Library/PackageCache/com.unity.visualscripting@1.7.8/Editor/VisualScripting.Core/Dependencies/YamlDotNet/Unity.VisualScripting.YamlDotNet.dll
Symbol file LoadedFromMemory doesn't match image /Users/g.a_me__/Documents/GitHub/Slime/Slime/Library/PackageCache/com.unity.visualscripting@1.7.8/Editor/VisualScripting.Core/Dependencies/DotNetZip/Unity.VisualScripting.IonicZip.dll
Native extension for iOS target not found
Native extension for Android target not found
Native extension for OSXStandalone target not found
Native extension for WebGL target not found
Refreshing native plugins compatible for Editor in 1.22 ms, found 2 plugins.
Preloading 0 native plugins for Editor in 0.00 ms.
Mono: successfully reloaded assembly
- Completed reload, in  0.730 seconds
Domain Reload Profiling:
	ReloadAssembly (731ms)
		BeginReloadAssembly (111ms)
			ExecutionOrderSort (0ms)
			DisableScriptedObjects (3ms)
			BackupInstance (0ms)
			ReleaseScriptingObjects (0ms)
			CreateAndSetChildDomain (53ms)
		EndReloadAssembly (550ms)
			LoadAssemblies (42ms)
			RebuildTransferFunctionScriptingTraits (0ms)
			SetupTypeCache (207ms)
			ReleaseScriptCaches (15ms)
			RebuildScriptCaches (36ms)
			SetupLoadedEditorAssemblies (227ms)
				LogAssemblyErrors (0ms)
				InitializePlatformSupportModulesInManaged (35ms)
				SetLoadedEditorAssemblies (0ms)
				RefreshPlugins (1ms)
				BeforeProcessingInitializeOnLoad (40ms)
				ProcessInitializeOnLoadAttributes (135ms)
				ProcessInitializeOnLoadMethodAttributes (14ms)
				AfterProcessingInitializeOnLoad (1ms)
				EditorAssembliesLoaded (0ms)
			ExecutionOrderSort2 (0ms)
			AwakeInstancesAfterBackupRestoration (2ms)
Platform modules already initialized, skipping
Shader 'SimpleURPToonLitExample(With Outline)': fallback shader 'Hidden/Universal Render Pipeline/FallbackError' not found
Shader 'SimpleURPToonLitExample(With Outline)': fallback shader 'Hidden/Universal Render Pipeline/FallbackError' not found
Refreshing native plugins compatible for Editor in 1.10 ms, found 2 plugins.
Preloading 0 native plugins for Editor in 0.00 ms.
Unloading 3759 Unused Serialized files (Serialized files now loaded: 0)
Unloading 20 unused Assets / (102.5 KB). Loaded Objects now: 4331.
Memory consumption went from 0.78 GB to 0.78 GB.
Total: 4.448333 ms (FindLiveObjects: 0.235292 ms CreateObjectMapping: 0.110208 ms MarkObjects: 3.786708 ms  DeleteObjects: 0.315625 ms)

AssetImportParameters requested are different than current active one (requested -> active):
  custom:video-decoder-ogg-theora: a1e56fd34408186e4bbccfd4996cb3dc -> 
  custom:container-muxer-webm: aa71ff27fc2769a1b78a27578f13a17b -> 
  custom:container-demuxer-webm: 4f35f7cbe854078d1ac9338744f61a02 -> 
  custom:video-encoder-webm-vp8: eb34c28f22e8b96e1ab97ce403110664 -> 
  custom:framework-osx-AVFoundation: e770b220cccbd017edd2c1fefb359320 -> 
  custom:audio-encoder-webm-vorbis: bf7c407c2cedff20999df2af8eb42d56 -> 
  custom:container-demuxer-ogg: 62fdf1f143b41e24485cea50d1cbac27 -> 
  custom:video-decoder-webm-vp8: 9c59270c3fd7afecdb556c50c9e8de78 -> 
  custom:audio-decoder-ogg-vorbis: bf7c407c2cedff20999df2af8eb42d56 -> 
========================================================================
Received Import Request.
  Time since last request: 6.803508 seconds.
  path: Assets/Prefabs/Slime.prefab
  artifactKey: Guid(1625de274fae24a26aa1ecfa2c0986dd) Importer(815301076,1909f56bfc062723c751e8b465ee728b)
Start importing Assets/Prefabs/Slime.prefab using Guid(1625de274fae24a26aa1ecfa2c0986dd) Importer(815301076,1909f56bfc062723c751e8b465ee728b)  -> (artifact id: '5998576283840c8a182ad78421a9f05d') in 0.057189 seconds 
========================================================================
Received Prepare
Registering precompiled user dll's ...
Registered in 0.001263 seconds.
Begin MonoManager ReloadAssembly
Thread 0x2a052b000 may have been prematurely finalized
Symbol file LoadedFromMemory doesn't match image /Users/g.a_me__/Documents/GitHub/Slime/Slime/Library/PackageCache/com.unity.visualscripting@1.7.8/Editor/VisualScripting.Core/Dependencies/YamlDotNet/Unity.VisualScripting.YamlDotNet.dll
Symbol file LoadedFromMemory doesn't match image /Users/g.a_me__/Documents/GitHub/Slime/Slime/Library/PackageCache/com.unity.visualscripting@1.7.8/Editor/VisualScripting.Core/Dependencies/DotNetZip/Unity.VisualScripting.IonicZip.dll
Native extension for iOS target not found
Native extension for Android target not found
Native extension for OSXStandalone target not found
Native extension for WebGL target not found
Refreshing native plugins compatible for Editor in 1.13 ms, found 2 plugins.
Preloading 0 native plugins for Editor in 0.00 ms.
Mono: successfully reloaded assembly
- Completed reload, in  0.788 seconds
Domain Reload Profiling:
	ReloadAssembly (789ms)
		BeginReloadAssembly (120ms)
			ExecutionOrderSort (0ms)
			DisableScriptedObjects (3ms)
			BackupInstance (0ms)
			ReleaseScriptingObjects (0ms)
			CreateAndSetChildDomain (49ms)
		EndReloadAssembly (605ms)
			LoadAssemblies (51ms)
			RebuildTransferFunctionScriptingTraits (0ms)
			SetupTypeCache (218ms)
			ReleaseScriptCaches (7ms)
			RebuildScriptCaches (48ms)
			SetupLoadedEditorAssemblies (258ms)
				LogAssemblyErrors (0ms)
				InitializePlatformSupportModulesInManaged (17ms)
				SetLoadedEditorAssemblies (0ms)
				RefreshPlugins (1ms)
				BeforeProcessingInitializeOnLoad (40ms)
				ProcessInitializeOnLoadAttributes (182ms)
				ProcessInitializeOnLoadMethodAttributes (16ms)
				AfterProcessingInitializeOnLoad (1ms)
				EditorAssembliesLoaded (0ms)
			ExecutionOrderSort2 (0ms)
			AwakeInstancesAfterBackupRestoration (2ms)
Platform modules already initialized, skipping
Shader 'SimpleURPToonLitExample(With Outline)': fallback shader 'Hidden/Universal Render Pipeline/FallbackError' not found
Shader 'SimpleURPToonLitExample(With Outline)': fallback shader 'Hidden/Universal Render Pipeline/FallbackError' not found
Refreshing native plugins compatible for Editor in 1.38 ms, found 2 plugins.
Preloading 0 native plugins for Editor in 0.00 ms.
Unloading 3759 Unused Serialized files (Serialized files now loaded: 0)
Unloading 20 unused Assets / (102.5 KB). Loaded Objects now: 4334.
Memory consumption went from 0.78 GB to 0.78 GB.
Total: 5.108167 ms (FindLiveObjects: 0.147167 ms CreateObjectMapping: 0.087375 ms MarkObjects: 4.435333 ms  DeleteObjects: 0.437792 ms)

AssetImportParameters requested are different than current active one (requested -> active):
  custom:video-decoder-ogg-theora: a1e56fd34408186e4bbccfd4996cb3dc -> 
  custom:container-muxer-webm: aa71ff27fc2769a1b78a27578f13a17b -> 
  custom:container-demuxer-webm: 4f35f7cbe854078d1ac9338744f61a02 -> 
  custom:video-encoder-webm-vp8: eb34c28f22e8b96e1ab97ce403110664 -> 
  custom:framework-osx-AVFoundation: e770b220cccbd017edd2c1fefb359320 -> 
  custom:audio-encoder-webm-vorbis: bf7c407c2cedff20999df2af8eb42d56 -> 
  custom:container-demuxer-ogg: 62fdf1f143b41e24485cea50d1cbac27 -> 
  custom:video-decoder-webm-vp8: 9c59270c3fd7afecdb556c50c9e8de78 -> 
  custom:audio-decoder-ogg-vorbis: bf7c407c2cedff20999df2af8eb42d56 -> 
========================================================================
Received Prepare
Registering precompiled user dll's ...
Registered in 0.001389 seconds.
Begin MonoManager ReloadAssembly
Thread 0x2a0a3b000 may have been prematurely finalized
Symbol file LoadedFromMemory doesn't match image /Users/g.a_me__/Documents/GitHub/Slime/Slime/Library/PackageCache/com.unity.visualscripting@1.7.8/Editor/VisualScripting.Core/Dependencies/YamlDotNet/Unity.VisualScripting.YamlDotNet.dll
Symbol file LoadedFromMemory doesn't match image /Users/g.a_me__/Documents/GitHub/Slime/Slime/Library/PackageCache/com.unity.visualscripting@1.7.8/Editor/VisualScripting.Core/Dependencies/DotNetZip/Unity.VisualScripting.IonicZip.dll
Native extension for iOS target not found
Native extension for Android target not found
Native extension for OSXStandalone target not found
Native extension for WebGL target not found
Refreshing native plugins compatible for Editor in 3.39 ms, found 2 plugins.
Preloading 0 native plugins for Editor in 0.00 ms.
Mono: successfully reloaded assembly
- Completed reload, in  0.737 seconds
Domain Reload Profiling:
	ReloadAssembly (738ms)
		BeginReloadAssembly (131ms)
			ExecutionOrderSort (0ms)
			DisableScriptedObjects (10ms)
			BackupInstance (0ms)
			ReleaseScriptingObjects (0ms)
			CreateAndSetChildDomain (63ms)
		EndReloadAssembly (537ms)
			LoadAssemblies (54ms)
			RebuildTransferFunctionScriptingTraits (1ms)
			SetupTypeCache (191ms)
			ReleaseScriptCaches (7ms)
			RebuildScriptCaches (36ms)
			SetupLoadedEditorAssemblies (218ms)
				LogAssemblyErrors (0ms)
				InitializePlatformSupportModulesInManaged (20ms)
				SetLoadedEditorAssemblies (1ms)
				RefreshPlugins (3ms)
				BeforeProcessingInitializeOnLoad (38ms)
				ProcessInitializeOnLoadAttributes (142ms)
				ProcessInitializeOnLoadMethodAttributes (14ms)
				AfterProcessingInitializeOnLoad (1ms)
				EditorAssembliesLoaded (0ms)
			ExecutionOrderSort2 (0ms)
			AwakeInstancesAfterBackupRestoration (2ms)
Platform modules already initialized, skipping
Shader 'SimpleURPToonLitExample(With Outline)': fallback shader 'Hidden/Universal Render Pipeline/FallbackError' not found
Shader 'SimpleURPToonLitExample(With Outline)': fallback shader 'Hidden/Universal Render Pipeline/FallbackError' not found
Refreshing native plugins compatible for Editor in 1.07 ms, found 2 plugins.
Preloading 0 native plugins for Editor in 0.00 ms.
Unloading 3759 Unused Serialized files (Serialized files now loaded: 0)
Unloading 20 unused Assets / (102.4 KB). Loaded Objects now: 4337.
Memory consumption went from 0.79 GB to 0.79 GB.
Total: 3.225875 ms (FindLiveObjects: 0.141834 ms CreateObjectMapping: 0.081417 ms MarkObjects: 2.626000 ms  DeleteObjects: 0.375750 ms)

AssetImportParameters requested are different than current active one (requested -> active):
  custom:video-decoder-ogg-theora: a1e56fd34408186e4bbccfd4996cb3dc -> 
  custom:container-muxer-webm: aa71ff27fc2769a1b78a27578f13a17b -> 
  custom:container-demuxer-webm: 4f35f7cbe854078d1ac9338744f61a02 -> 
  custom:video-encoder-webm-vp8: eb34c28f22e8b96e1ab97ce403110664 -> 
  custom:framework-osx-AVFoundation: e770b220cccbd017edd2c1fefb359320 -> 
  custom:audio-encoder-webm-vorbis: bf7c407c2cedff20999df2af8eb42d56 -> 
  custom:container-demuxer-ogg: 62fdf1f143b41e24485cea50d1cbac27 -> 
  custom:video-decoder-webm-vp8: 9c59270c3fd7afecdb556c50c9e8de78 -> 
  custom:audio-decoder-ogg-vorbis: bf7c407c2cedff20999df2af8eb42d56 -> 
========================================================================
Received Import Request.
  Time since last request: 259.682541 seconds.
  path: Assets/Prefabs/Slime.prefab
  artifactKey: Guid(1625de274fae24a26aa1ecfa2c0986dd) Importer(815301076,1909f56bfc062723c751e8b465ee728b)
Start importing Assets/Prefabs/Slime.prefab using Guid(1625de274fae24a26aa1ecfa2c0986dd) Importer(815301076,1909f56bfc062723c751e8b465ee728b)  -> (artifact id: 'f4c3486f9fbb7a3ee83f238bf9a7db19') in 0.117628 seconds 
========================================================================
Received Import Request.
  Time since last request: 0.980337 seconds.
  path: Assets/Prefabs/Slime.prefab
  artifactKey: Guid(1625de274fae24a26aa1ecfa2c0986dd) Importer(815301076,1909f56bfc062723c751e8b465ee728b)
Start importing Assets/Prefabs/Slime.prefab using Guid(1625de274fae24a26aa1ecfa2c0986dd) Importer(815301076,1909f56bfc062723c751e8b465ee728b)  -> (artifact id: 'ff24700afd1ca2e5f035db0a291b2836') in 0.008395 seconds 
========================================================================
Received Import Request.
  Time since last request: 1.637603 seconds.
  path: Assets/Prefabs/Slime.prefab
  artifactKey: Guid(1625de274fae24a26aa1ecfa2c0986dd) Importer(815301076,1909f56bfc062723c751e8b465ee728b)
Start importing Assets/Prefabs/Slime.prefab using Guid(1625de274fae24a26aa1ecfa2c0986dd) Importer(815301076,1909f56bfc062723c751e8b465ee728b)  -> (artifact id: '84c2e5d42fec3ff5b9738be209e4f0d8') in 0.008409 seconds 
========================================================================
Received Import Request.
  Time since last request: 11.214649 seconds.
  path: Assets/Prefabs/Slime.prefab
  artifactKey: Guid(1625de274fae24a26aa1ecfa2c0986dd) Importer(815301076,1909f56bfc062723c751e8b465ee728b)
Start importing Assets/Prefabs/Slime.prefab using Guid(1625de274fae24a26aa1ecfa2c0986dd) Importer(815301076,1909f56bfc062723c751e8b465ee728b)  -> (artifact id: 'a4247cce2f8147a4a92b0880374f23ad') in 0.054629 seconds 
========================================================================
Received Import Request.
  Time since last request: 2.554712 seconds.
  path: Assets/Prefabs/Slime.prefab
  artifactKey: Guid(1625de274fae24a26aa1ecfa2c0986dd) Importer(815301076,1909f56bfc062723c751e8b465ee728b)
Start importing Assets/Prefabs/Slime.prefab using Guid(1625de274fae24a26aa1ecfa2c0986dd) Importer(815301076,1909f56bfc062723c751e8b465ee728b)  -> (artifact id: 'b7cd170189e959743eefabc8ce53ab69') in 0.009315 seconds 
========================================================================
Received Prepare
Registering precompiled user dll's ...
Registered in 0.001505 seconds.
Begin MonoManager ReloadAssembly
Thread 0x2a0a3b000 may have been prematurely finalized
Symbol file LoadedFromMemory doesn't match image /Users/g.a_me__/Documents/GitHub/Slime/Slime/Library/PackageCache/com.unity.visualscripting@1.7.8/Editor/VisualScripting.Core/Dependencies/YamlDotNet/Unity.VisualScripting.YamlDotNet.dll
Symbol file LoadedFromMemory doesn't match image /Users/g.a_me__/Documents/GitHub/Slime/Slime/Library/PackageCache/com.unity.visualscripting@1.7.8/Editor/VisualScripting.Core/Dependencies/DotNetZip/Unity.VisualScripting.IonicZip.dll
Native extension for iOS target not found
Native extension for Android target not found
Native extension for OSXStandalone target not found
Native extension for WebGL target not found
Refreshing native plugins compatible for Editor in 1.16 ms, found 2 plugins.
Preloading 0 native plugins for Editor in 0.00 ms.
Mono: successfully reloaded assembly
- Completed reload, in  0.755 seconds
Domain Reload Profiling:
	ReloadAssembly (755ms)
		BeginReloadAssembly (113ms)
			ExecutionOrderSort (0ms)
			DisableScriptedObjects (3ms)
			BackupInstance (0ms)
			ReleaseScriptingObjects (0ms)
			CreateAndSetChildDomain (52ms)
		EndReloadAssembly (589ms)
			LoadAssemblies (40ms)
			RebuildTransferFunctionScriptingTraits (0ms)
			SetupTypeCache (207ms)
			ReleaseScriptCaches (3ms)
			RebuildScriptCaches (36ms)
			SetupLoadedEditorAssemblies (252ms)
				LogAssemblyErrors (0ms)
				InitializePlatformSupportModulesInManaged (20ms)
				SetLoadedEditorAssemblies (0ms)
				RefreshPlugins (1ms)
				BeforeProcessingInitializeOnLoad (41ms)
				ProcessInitializeOnLoadAttributes (165ms)
				ProcessInitializeOnLoadMethodAttributes (22ms)
				AfterProcessingInitializeOnLoad (2ms)
				EditorAssembliesLoaded (1ms)
			ExecutionOrderSort2 (0ms)
			AwakeInstancesAfterBackupRestoration (4ms)
Platform modules already initialized, skipping
Shader 'SimpleURPToonLitExample(With Outline)': fallback shader 'Hidden/Universal Render Pipeline/FallbackError' not found
Shader 'SimpleURPToonLitExample(With Outline)': fallback shader 'Hidden/Universal Render Pipeline/FallbackError' not found
Refreshing native plugins compatible for Editor in 1.23 ms, found 2 plugins.
Preloading 0 native plugins for Editor in 0.00 ms.
Unloading 3759 Unused Serialized files (Serialized files now loaded: 0)
Unloading 20 unused Assets / (102.6 KB). Loaded Objects now: 4340.
Memory consumption went from 0.79 GB to 0.79 GB.
Total: 5.303250 ms (FindLiveObjects: 0.256250 ms CreateObjectMapping: 0.100958 ms MarkObjects: 4.771792 ms  DeleteObjects: 0.173584 ms)

AssetImportParameters requested are different than current active one (requested -> active):
  custom:video-decoder-ogg-theora: a1e56fd34408186e4bbccfd4996cb3dc -> 
  custom:container-muxer-webm: aa71ff27fc2769a1b78a27578f13a17b -> 
  custom:container-demuxer-webm: 4f35f7cbe854078d1ac9338744f61a02 -> 
  custom:video-encoder-webm-vp8: eb34c28f22e8b96e1ab97ce403110664 -> 
  custom:framework-osx-AVFoundation: e770b220cccbd017edd2c1fefb359320 -> 
  custom:audio-encoder-webm-vorbis: bf7c407c2cedff20999df2af8eb42d56 -> 
  custom:container-demuxer-ogg: 62fdf1f143b41e24485cea50d1cbac27 -> 
  custom:video-decoder-webm-vp8: 9c59270c3fd7afecdb556c50c9e8de78 -> 
  custom:audio-decoder-ogg-vorbis: bf7c407c2cedff20999df2af8eb42d56 -> 
